{"/Users/maxime/Downloads/genpass/src/assets/eff-large-wordlist.txt": {"path":"/Users/maxime/Downloads/genpass/src/assets/eff-large-wordlist.txt","statementMap":{},"fnMap":{},"branchMap":{},"s":{},"f":{},"b":{},"meta":{"lastBranch":0,"lastFunction":0,"lastStatement":0,"seen":{},"fnNames":{}}}
,"/Users/maxime/Downloads/genpass/src/components/AppShell.tsx": {"path":"/Users/maxime/Downloads/genpass/src/components/AppShell.tsx","statementMap":{"0":{"start":{"line":6,"column":46},"end":{"line":11,"column":null}},"1":{"start":{"line":21,"column":2},"end":{"line":61,"column":null}},"2":{"start":{"line":36,"column":10},"end":{"line":54,"column":null}},"3":{"start":{"line":44,"column":27},"end":{"line":44,"column":null}},"4":{"start":{"line":46,"column":14},"end":{"line":46,"column":null}},"5":{"start":{"line":46,"column":67},"end":{"line":46,"column":null}},"6":{"start":{"line":47,"column":28},"end":{"line":47,"column":null}},"7":{"start":{"line":47,"column":50},"end":{"line":47,"column":62}},"8":{"start":{"line":48,"column":27},"end":{"line":48,"column":null}},"9":{"start":{"line":49,"column":14},"end":{"line":49,"column":null}},"10":{"start":{"line":50,"column":14},"end":{"line":50,"column":null}}},"fnMap":{"0":{"name":"AppShell","decl":{"start":{"line":20,"column":16},"end":{"line":20,"column":25}},"loc":{"start":{"line":20,"column":86},"end":{"line":63,"column":null}},"line":20},"1":{"name":"(anonymous_1)","decl":{"start":{"line":35,"column":18},"end":{"line":35,"column":19}},"loc":{"start":{"line":36,"column":10},"end":{"line":54,"column":null}},"line":36},"2":{"name":"(anonymous_2)","decl":{"start":{"line":44,"column":21},"end":{"line":44,"column":27}},"loc":{"start":{"line":44,"column":27},"end":{"line":44,"column":null}},"line":44},"3":{"name":"(anonymous_3)","decl":{"start":{"line":45,"column":23},"end":{"line":45,"column":24}},"loc":{"start":{"line":45,"column":30},"end":{"line":51,"column":null}},"line":45},"4":{"name":"(anonymous_4)","decl":{"start":{"line":47,"column":43},"end":{"line":47,"column":44}},"loc":{"start":{"line":47,"column":50},"end":{"line":47,"column":62}},"line":47}},"branchMap":{"0":{"loc":{"start":{"line":43,"column":22},"end":{"line":43,"column":null}},"type":"cond-expr","locations":[{"start":{"line":43,"column":35},"end":{"line":43,"column":39}},{"start":{"line":43,"column":39},"end":{"line":43,"column":null}}],"line":43},"1":{"loc":{"start":{"line":46,"column":14},"end":{"line":46,"column":null}},"type":"if","locations":[{"start":{"line":46,"column":14},"end":{"line":46,"column":null}},{"start":{},"end":{}}],"line":46},"2":{"loc":{"start":{"line":46,"column":18},"end":{"line":46,"column":67}},"type":"binary-expr","locations":[{"start":{"line":46,"column":18},"end":{"line":46,"column":44}},{"start":{"line":46,"column":44},"end":{"line":46,"column":67}}],"line":46},"3":{"loc":{"start":{"line":48,"column":42},"end":{"line":48,"column":91}},"type":"cond-expr","locations":[{"start":{"line":48,"column":67},"end":{"line":48,"column":71}},{"start":{"line":48,"column":71},"end":{"line":48,"column":91}}],"line":48}},"s":{"0":1,"1":6,"2":24,"3":1,"4":3,"5":0,"6":3,"7":4,"8":3,"9":3,"10":3},"f":{"0":6,"1":24,"2":1,"3":3,"4":4},"b":{"0":[6,18],"1":[0,3],"2":[3,2],"3":[1,2]},"meta":{"lastBranch":4,"lastFunction":5,"lastStatement":11,"seen":{"s:6:46:11:Infinity":0,"f:20:16:20:25":0,"s:21:2:61:Infinity":1,"f:35:18:35:19":1,"s:36:10:54:Infinity":2,"b:43:35:43:39:43:39:43:Infinity":0,"f:44:21:44:27":2,"s:44:27:44:Infinity":3,"f:45:23:45:24":3,"b:46:14:46:Infinity:undefined:undefined:undefined:undefined":1,"s:46:14:46:Infinity":4,"b:46:18:46:44:46:44:46:67":2,"s:46:67:46:Infinity":5,"s:47:28:47:Infinity":6,"f:47:43:47:44":4,"s:47:50:47:62":7,"s:48:27:48:Infinity":8,"b:48:67:48:71:48:71:48:91":3,"s:49:14:49:Infinity":9,"s:50:14:50:Infinity":10},"fnNames":{}}}
,"/Users/maxime/Downloads/genpass/src/components/generator/CharacterOptions.tsx": {"path":"/Users/maxime/Downloads/genpass/src/components/generator/CharacterOptions.tsx","statementMap":{"0":{"start":{"line":7,"column":55},"end":{"line":12,"column":null}},"1":{"start":{"line":26,"column":2},"end":{"line":58,"column":null}},"2":{"start":{"line":33,"column":30},"end":{"line":33,"column":null}},"3":{"start":{"line":34,"column":23},"end":{"line":34,"column":null}},"4":{"start":{"line":38,"column":10},"end":{"line":40,"column":null}},"5":{"start":{"line":38,"column":72},"end":{"line":38,"column":null}},"6":{"start":{"line":44,"column":40},"end":{"line":44,"column":null}},"7":{"start":{"line":52,"column":25},"end":{"line":52,"column":null}}},"fnMap":{"0":{"name":"CharacterOptions","decl":{"start":{"line":25,"column":16},"end":{"line":25,"column":33}},"loc":{"start":{"line":25,"column":77},"end":{"line":60,"column":null}},"line":25},"1":{"name":"(anonymous_1)","decl":{"start":{"line":33,"column":18},"end":{"line":33,"column":19}},"loc":{"start":{"line":33,"column":30},"end":{"line":33,"column":null}},"line":33},"2":{"name":"(anonymous_2)","decl":{"start":{"line":34,"column":16},"end":{"line":34,"column":17}},"loc":{"start":{"line":34,"column":23},"end":{"line":34,"column":null}},"line":34},"3":{"name":"(anonymous_3)","decl":{"start":{"line":37,"column":56},"end":{"line":37,"column":57}},"loc":{"start":{"line":38,"column":10},"end":{"line":40,"column":null}},"line":38},"4":{"name":"(anonymous_4)","decl":{"start":{"line":38,"column":59},"end":{"line":38,"column":60}},"loc":{"start":{"line":38,"column":72},"end":{"line":38,"column":null}},"line":38},"5":{"name":"(anonymous_5)","decl":{"start":{"line":44,"column":20},"end":{"line":44,"column":21}},"loc":{"start":{"line":44,"column":40},"end":{"line":44,"column":null}},"line":44},"6":{"name":"(anonymous_6)","decl":{"start":{"line":52,"column":18},"end":{"line":52,"column":19}},"loc":{"start":{"line":52,"column":25},"end":{"line":52,"column":null}},"line":52}},"branchMap":{},"s":{"0":2,"1":73,"2":2,"3":73,"4":292,"5":6,"6":0,"7":13},"f":{"0":73,"1":2,"2":73,"3":292,"4":6,"5":0,"6":13},"b":{},"meta":{"lastBranch":0,"lastFunction":7,"lastStatement":8,"seen":{"s:7:55:12:Infinity":0,"f:25:16:25:33":0,"s:26:2:58:Infinity":1,"f:33:18:33:19":1,"s:33:30:33:Infinity":2,"f:34:16:34:17":2,"s:34:23:34:Infinity":3,"f:37:56:37:57":3,"s:38:10:40:Infinity":4,"f:38:59:38:60":4,"s:38:72:38:Infinity":5,"f:44:20:44:21":5,"s:44:40:44:Infinity":6,"f:52:18:52:19":6,"s:52:25:52:Infinity":7},"fnNames":{}}}
,"/Users/maxime/Downloads/genpass/src/components/generator/GeneratorView.tsx": {"path":"/Users/maxime/Downloads/genpass/src/components/generator/GeneratorView.tsx","statementMap":{"0":{"start":{"line":28,"column":19},"end":{"line":28,"column":null}},"1":{"start":{"line":29,"column":16},"end":{"line":29,"column":null}},"2":{"start":{"line":31,"column":22},"end":{"line":31,"column":null}},"3":{"start":{"line":32,"column":32},"end":{"line":32,"column":null}},"4":{"start":{"line":33,"column":30},"end":{"line":41,"column":null}},"5":{"start":{"line":33,"column":73},"end":{"line":41,"column":4}},"6":{"start":{"line":42,"column":30},"end":{"line":42,"column":null}},"7":{"start":{"line":42,"column":70},"end":{"line":42,"column":97}},"8":{"start":{"line":43,"column":28},"end":{"line":43,"column":null}},"9":{"start":{"line":44,"column":36},"end":{"line":44,"column":null}},"10":{"start":{"line":46,"column":8},"end":{"line":46,"column":null}},"11":{"start":{"line":46,"column":27},"end":{"line":46,"column":63}},"12":{"start":{"line":49,"column":4},"end":{"line":51,"column":null}},"13":{"start":{"line":53,"column":8},"end":{"line":65,"column":null}},"14":{"start":{"line":54,"column":4},"end":{"line":54,"column":null}},"15":{"start":{"line":55,"column":4},"end":{"line":64,"column":null}},"16":{"start":{"line":56,"column":6},"end":{"line":59,"column":null}},"17":{"start":{"line":57,"column":8},"end":{"line":57,"column":null}},"18":{"start":{"line":58,"column":8},"end":{"line":58,"column":null}},"19":{"start":{"line":60,"column":6},"end":{"line":60,"column":null}},"20":{"start":{"line":62,"column":12},"end":{"line":62,"column":null}},"21":{"start":{"line":63,"column":6},"end":{"line":63,"column":null}},"22":{"start":{"line":63,"column":51},"end":{"line":63,"column":95}},"23":{"start":{"line":67,"column":2},"end":{"line":69,"column":null}},"24":{"start":{"line":68,"column":4},"end":{"line":68,"column":null}},"25":{"start":{"line":71,"column":15},"end":{"line":88,"column":null}},"26":{"start":{"line":73,"column":20},"end":{"line":73,"column":null}},"27":{"start":{"line":74,"column":17},"end":{"line":74,"column":null}},"28":{"start":{"line":75,"column":4},"end":{"line":87,"column":null}},"29":{"start":{"line":76,"column":6},"end":{"line":79,"column":null}},"30":{"start":{"line":77,"column":8},"end":{"line":77,"column":null}},"31":{"start":{"line":78,"column":8},"end":{"line":78,"column":null}},"32":{"start":{"line":80,"column":6},"end":{"line":80,"column":null}},"33":{"start":{"line":81,"column":6},"end":{"line":85,"column":null}},"34":{"start":{"line":86,"column":6},"end":{"line":86,"column":null}},"35":{"start":{"line":86,"column":23},"end":{"line":86,"column":90}},"36":{"start":{"line":86,"column":52},"end":{"line":86,"column":87}},"37":{"start":{"line":90,"column":2},"end":{"line":176,"column":null}},"38":{"start":{"line":129,"column":46},"end":{"line":129,"column":75}},"39":{"start":{"line":139,"column":14},"end":{"line":161,"column":null}},"40":{"start":{"line":146,"column":35},"end":{"line":146,"column":null}},"41":{"start":{"line":151,"column":69},"end":{"line":151,"column":null}},"42":{"start":{"line":156,"column":72},"end":{"line":156,"column":null}},"43":{"start":{"line":171,"column":66},"end":{"line":171,"column":108}},"44":{"start":{"line":171,"column":86},"end":{"line":171,"column":105}},"45":{"start":{"line":173,"column":67},"end":{"line":173,"column":109}},"46":{"start":{"line":173,"column":87},"end":{"line":173,"column":106}}},"fnMap":{"0":{"name":"GeneratorView","decl":{"start":{"line":27,"column":16},"end":{"line":27,"column":30}},"loc":{"start":{"line":27,"column":71},"end":{"line":178,"column":null}},"line":27},"1":{"name":"(anonymous_1)","decl":{"start":{"line":33,"column":66},"end":{"line":33,"column":73}},"loc":{"start":{"line":33,"column":73},"end":{"line":41,"column":4}},"line":33},"2":{"name":"(anonymous_2)","decl":{"start":{"line":42,"column":63},"end":{"line":42,"column":70}},"loc":{"start":{"line":42,"column":70},"end":{"line":42,"column":97}},"line":42},"3":{"name":"(anonymous_3)","decl":{"start":{"line":46,"column":27},"end":{"line":46,"column":33}},"loc":{"start":{"line":46,"column":27},"end":{"line":46,"column":63}},"line":46},"4":{"name":"(anonymous_4)","decl":{"start":{"line":53,"column":33},"end":{"line":53,"column":39}},"loc":{"start":{"line":53,"column":39},"end":{"line":65,"column":5}},"line":53},"5":{"name":"(anonymous_5)","decl":{"start":{"line":63,"column":51},"end":{"line":63,"column":57}},"loc":{"start":{"line":63,"column":51},"end":{"line":63,"column":95}},"line":63},"6":{"name":"(anonymous_6)","decl":{"start":{"line":67,"column":12},"end":{"line":67,"column":18}},"loc":{"start":{"line":67,"column":18},"end":{"line":69,"column":5}},"line":67},"7":{"name":"(anonymous_7)","decl":{"start":{"line":71,"column":15},"end":{"line":71,"column":16}},"loc":{"start":{"line":71,"column":52},"end":{"line":88,"column":null}},"line":71},"8":{"name":"(anonymous_8)","decl":{"start":{"line":75,"column":19},"end":{"line":75,"column":20}},"loc":{"start":{"line":75,"column":27},"end":{"line":87,"column":5}},"line":75},"9":{"name":"(anonymous_9)","decl":{"start":{"line":86,"column":17},"end":{"line":86,"column":23}},"loc":{"start":{"line":86,"column":23},"end":{"line":86,"column":90}},"line":86},"10":{"name":"(anonymous_10)","decl":{"start":{"line":86,"column":38},"end":{"line":86,"column":39}},"loc":{"start":{"line":86,"column":52},"end":{"line":86,"column":87}},"line":86},"11":{"name":"(anonymous_11)","decl":{"start":{"line":129,"column":39},"end":{"line":129,"column":40}},"loc":{"start":{"line":129,"column":46},"end":{"line":129,"column":75}},"line":129},"12":{"name":"(anonymous_12)","decl":{"start":{"line":138,"column":25},"end":{"line":138,"column":26}},"loc":{"start":{"line":139,"column":14},"end":{"line":161,"column":null}},"line":139},"13":{"name":"(anonymous_13)","decl":{"start":{"line":146,"column":29},"end":{"line":146,"column":35}},"loc":{"start":{"line":146,"column":35},"end":{"line":146,"column":null}},"line":146},"14":{"name":"(anonymous_14)","decl":{"start":{"line":151,"column":63},"end":{"line":151,"column":69}},"loc":{"start":{"line":151,"column":69},"end":{"line":151,"column":null}},"line":151},"15":{"name":"(anonymous_15)","decl":{"start":{"line":156,"column":66},"end":{"line":156,"column":72}},"loc":{"start":{"line":156,"column":72},"end":{"line":156,"column":null}},"line":156},"16":{"name":"(anonymous_16)","decl":{"start":{"line":171,"column":55},"end":{"line":171,"column":56}},"loc":{"start":{"line":171,"column":66},"end":{"line":171,"column":108}},"line":171},"17":{"name":"(anonymous_17)","decl":{"start":{"line":171,"column":78},"end":{"line":171,"column":79}},"loc":{"start":{"line":171,"column":86},"end":{"line":171,"column":105}},"line":171},"18":{"name":"(anonymous_18)","decl":{"start":{"line":173,"column":56},"end":{"line":173,"column":57}},"loc":{"start":{"line":173,"column":67},"end":{"line":173,"column":109}},"line":173},"19":{"name":"(anonymous_19)","decl":{"start":{"line":173,"column":79},"end":{"line":173,"column":80}},"loc":{"start":{"line":173,"column":87},"end":{"line":173,"column":106}},"line":173}},"branchMap":{"0":{"loc":{"start":{"line":49,"column":4},"end":{"line":51,"column":null}},"type":"cond-expr","locations":[{"start":{"line":49,"column":13},"end":{"line":50,"column":null}},{"start":{"line":50,"column":65},"end":{"line":51,"column":null}}],"line":49},"1":{"loc":{"start":{"line":55,"column":4},"end":{"line":64,"column":null}},"type":"if","locations":[{"start":{"line":55,"column":4},"end":{"line":64,"column":null}},{"start":{"line":61,"column":11},"end":{"line":64,"column":null}}],"line":55},"2":{"loc":{"start":{"line":56,"column":6},"end":{"line":59,"column":null}},"type":"if","locations":[{"start":{"line":56,"column":6},"end":{"line":59,"column":null}},{"start":{},"end":{}}],"line":56},"3":{"loc":{"start":{"line":76,"column":6},"end":{"line":79,"column":null}},"type":"if","locations":[{"start":{"line":76,"column":6},"end":{"line":79,"column":null}},{"start":{},"end":{}}],"line":76},"4":{"loc":{"start":{"line":82,"column":8},"end":{"line":84,"column":null}},"type":"cond-expr","locations":[{"start":{"line":83,"column":12},"end":{"line":83,"column":null}},{"start":{"line":84,"column":12},"end":{"line":84,"column":null}}],"line":82},"5":{"loc":{"start":{"line":86,"column":52},"end":{"line":86,"column":87}},"type":"cond-expr","locations":[{"start":{"line":86,"column":72},"end":{"line":86,"column":79}},{"start":{"line":86,"column":79},"end":{"line":86,"column":87}}],"line":86},"6":{"loc":{"start":{"line":112,"column":49},"end":{"line":112,"column":null}},"type":"binary-expr","locations":[{"start":{"line":112,"column":49},"end":{"line":112,"column":74}},{"start":{"line":112,"column":74},"end":{"line":112,"column":null}}],"line":112},"7":{"loc":{"start":{"line":119,"column":7},"end":{"line":120,"column":null}},"type":"binary-expr","locations":[{"start":{"line":119,"column":7},"end":{"line":119,"column":32}},{"start":{"line":119,"column":32},"end":{"line":119,"column":null}},{"start":{"line":120,"column":8},"end":{"line":120,"column":null}}],"line":119},"8":{"loc":{"start":{"line":122,"column":7},"end":{"line":125,"column":null}},"type":"binary-expr","locations":[{"start":{"line":122,"column":7},"end":{"line":122,"column":32}},{"start":{"line":122,"column":32},"end":{"line":122,"column":61}},{"start":{"line":122,"column":61},"end":{"line":122,"column":null}},{"start":{"line":123,"column":8},"end":{"line":125,"column":null}}],"line":122},"9":{"loc":{"start":{"line":127,"column":7},"end":{"line":132,"column":null}},"type":"binary-expr","locations":[{"start":{"line":127,"column":7},"end":{"line":127,"column":32}},{"start":{"line":127,"column":32},"end":{"line":127,"column":55}},{"start":{"line":127,"column":55},"end":{"line":127,"column":null}},{"start":{"line":128,"column":8},"end":{"line":132,"column":null}}],"line":127},"10":{"loc":{"start":{"line":130,"column":11},"end":{"line":130,"column":63}},"type":"cond-expr","locations":[{"start":{"line":130,"column":50},"end":{"line":130,"column":57}},{"start":{"line":130,"column":57},"end":{"line":130,"column":63}}],"line":130},"11":{"loc":{"start":{"line":135,"column":7},"end":{"line":165,"column":null}},"type":"binary-expr","locations":[{"start":{"line":135,"column":7},"end":{"line":135,"column":null}},{"start":{"line":136,"column":8},"end":{"line":165,"column":null}}],"line":135},"12":{"loc":{"start":{"line":137,"column":25},"end":{"line":137,"column":null}},"type":"cond-expr","locations":[{"start":{"line":137,"column":48},"end":{"line":137,"column":86}},{"start":{"line":137,"column":86},"end":{"line":137,"column":null}}],"line":137},"13":{"loc":{"start":{"line":145,"column":27},"end":{"line":145,"column":null}},"type":"cond-expr","locations":[{"start":{"line":145,"column":51},"end":{"line":145,"column":62}},{"start":{"line":145,"column":62},"end":{"line":145,"column":null}}],"line":145},"14":{"loc":{"start":{"line":148,"column":21},"end":{"line":148,"column":null}},"type":"cond-expr","locations":[{"start":{"line":148,"column":45},"end":{"line":148,"column":61}},{"start":{"line":148,"column":61},"end":{"line":148,"column":null}}],"line":148},"15":{"loc":{"start":{"line":150,"column":19},"end":{"line":153,"column":null}},"type":"binary-expr","locations":[{"start":{"line":150,"column":19},"end":{"line":150,"column":null}},{"start":{"line":151,"column":20},"end":{"line":153,"column":null}}],"line":150},"16":{"loc":{"start":{"line":155,"column":19},"end":{"line":158,"column":null}},"type":"binary-expr","locations":[{"start":{"line":155,"column":19},"end":{"line":155,"column":null}},{"start":{"line":156,"column":20},"end":{"line":158,"column":null}}],"line":155},"17":{"loc":{"start":{"line":170,"column":9},"end":{"line":173,"column":null}},"type":"cond-expr","locations":[{"start":{"line":171,"column":10},"end":{"line":171,"column":null}},{"start":{"line":173,"column":10},"end":{"line":173,"column":null}}],"line":170}},"s":{"0":71,"1":71,"2":71,"3":71,"4":71,"5":12,"6":71,"7":12,"8":71,"9":71,"10":71,"11":28,"12":71,"13":71,"14":35,"15":35,"16":29,"17":1,"18":1,"19":28,"20":6,"21":6,"22":6,"23":71,"24":35,"25":71,"26":1,"27":1,"28":1,"29":1,"30":0,"31":0,"32":1,"33":1,"34":1,"35":0,"36":0,"37":71,"38":2,"39":67,"40":1,"41":1,"42":0,"43":16,"44":16,"45":3,"46":3},"f":{"0":71,"1":12,"2":12,"3":28,"4":35,"5":6,"6":35,"7":1,"8":1,"9":0,"10":0,"11":2,"12":67,"13":1,"14":1,"15":0,"16":16,"17":16,"18":3,"19":3},"b":{"0":[59,12],"1":[29,6],"2":[1,28],"3":[0,1],"4":[1,0],"5":[0,0],"6":[71,59],"7":[71,59,2],"8":[71,59,57,0],"9":[71,59,57,2],"10":[2,0],"11":[71,58],"12":[57,1],"13":[1,66],"14":[1,66],"15":[67,1],"16":[67,0],"17":[59,12]},"meta":{"lastBranch":18,"lastFunction":20,"lastStatement":47,"seen":{"f:27:16:27:30":0,"s:28:19:28:Infinity":0,"s:29:16:29:Infinity":1,"s:31:22:31:Infinity":2,"s:32:32:32:Infinity":3,"s:33:30:41:Infinity":4,"f:33:66:33:73":1,"s:33:73:41:4":5,"s:42:30:42:Infinity":6,"f:42:63:42:70":2,"s:42:70:42:97":7,"s:43:28:43:Infinity":8,"s:44:36:44:Infinity":9,"s:46:8:46:Infinity":10,"f:46:27:46:33":3,"s:46:27:46:63":11,"s:49:4:51:Infinity":12,"b:49:13:50:Infinity:50:65:51:Infinity":0,"s:53:8:65:Infinity":13,"f:53:33:53:39":4,"s:54:4:54:Infinity":14,"b:55:4:64:Infinity:61:11:64:Infinity":1,"s:55:4:64:Infinity":15,"b:56:6:59:Infinity:undefined:undefined:undefined:undefined":2,"s:56:6:59:Infinity":16,"s:57:8:57:Infinity":17,"s:58:8:58:Infinity":18,"s:60:6:60:Infinity":19,"s:62:12:62:Infinity":20,"s:63:6:63:Infinity":21,"f:63:51:63:57":5,"s:63:51:63:95":22,"s:67:2:69:Infinity":23,"f:67:12:67:18":6,"s:68:4:68:Infinity":24,"s:71:15:88:Infinity":25,"f:71:15:71:16":7,"s:73:20:73:Infinity":26,"s:74:17:74:Infinity":27,"s:75:4:87:Infinity":28,"f:75:19:75:20":8,"b:76:6:79:Infinity:undefined:undefined:undefined:undefined":3,"s:76:6:79:Infinity":29,"s:77:8:77:Infinity":30,"s:78:8:78:Infinity":31,"s:80:6:80:Infinity":32,"s:81:6:85:Infinity":33,"b:83:12:83:Infinity:84:12:84:Infinity":4,"s:86:6:86:Infinity":34,"f:86:17:86:23":9,"s:86:23:86:90":35,"f:86:38:86:39":10,"s:86:52:86:87":36,"b:86:72:86:79:86:79:86:87":5,"s:90:2:176:Infinity":37,"b:112:49:112:74:112:74:112:Infinity":6,"b:119:7:119:32:119:32:119:Infinity:120:8:120:Infinity":7,"b:122:7:122:32:122:32:122:61:122:61:122:Infinity:123:8:125:Infinity":8,"b:127:7:127:32:127:32:127:55:127:55:127:Infinity:128:8:132:Infinity":9,"f:129:39:129:40":11,"s:129:46:129:75":38,"b:130:50:130:57:130:57:130:63":10,"b:135:7:135:Infinity:136:8:165:Infinity":11,"b:137:48:137:86:137:86:137:Infinity":12,"f:138:25:138:26":12,"s:139:14:161:Infinity":39,"b:145:51:145:62:145:62:145:Infinity":13,"f:146:29:146:35":13,"s:146:35:146:Infinity":40,"b:148:45:148:61:148:61:148:Infinity":14,"b:150:19:150:Infinity:151:20:153:Infinity":15,"f:151:63:151:69":14,"s:151:69:151:Infinity":41,"b:155:19:155:Infinity:156:20:158:Infinity":16,"f:156:66:156:72":15,"s:156:72:156:Infinity":42,"b:171:10:171:Infinity:173:10:173:Infinity":17,"f:171:55:171:56":16,"s:171:66:171:108":43,"f:171:78:171:79":17,"s:171:86:171:105":44,"f:173:56:173:57":18,"s:173:67:173:109":45,"f:173:79:173:80":19,"s:173:87:173:106":46},"fnNames":{}}}
,"/Users/maxime/Downloads/genpass/src/components/generator/PassphraseOptions.tsx": {"path":"/Users/maxime/Downloads/genpass/src/components/generator/PassphraseOptions.tsx","statementMap":{"0":{"start":{"line":7,"column":68},"end":{"line":13,"column":null}},"1":{"start":{"line":22,"column":2},"end":{"line":51,"column":null}},"2":{"start":{"line":29,"column":33},"end":{"line":29,"column":null}},"3":{"start":{"line":30,"column":23},"end":{"line":30,"column":null}},"4":{"start":{"line":35,"column":25},"end":{"line":35,"column":null}},"5":{"start":{"line":38,"column":10},"end":{"line":40,"column":null}},"6":{"start":{"line":44,"column":69},"end":{"line":44,"column":95}},"7":{"start":{"line":47,"column":73},"end":{"line":47,"column":101}}},"fnMap":{"0":{"name":"PassphraseOptions","decl":{"start":{"line":21,"column":16},"end":{"line":21,"column":34}},"loc":{"start":{"line":21,"column":79},"end":{"line":53,"column":null}},"line":21},"1":{"name":"(anonymous_1)","decl":{"start":{"line":29,"column":18},"end":{"line":29,"column":19}},"loc":{"start":{"line":29,"column":33},"end":{"line":29,"column":null}},"line":29},"2":{"name":"(anonymous_2)","decl":{"start":{"line":30,"column":16},"end":{"line":30,"column":17}},"loc":{"start":{"line":30,"column":23},"end":{"line":30,"column":null}},"line":30},"3":{"name":"(anonymous_3)","decl":{"start":{"line":35,"column":18},"end":{"line":35,"column":19}},"loc":{"start":{"line":35,"column":25},"end":{"line":35,"column":null}},"line":35},"4":{"name":"(anonymous_4)","decl":{"start":{"line":37,"column":24},"end":{"line":37,"column":25}},"loc":{"start":{"line":38,"column":10},"end":{"line":40,"column":null}},"line":38},"5":{"name":"(anonymous_5)","decl":{"start":{"line":44,"column":53},"end":{"line":44,"column":54}},"loc":{"start":{"line":44,"column":69},"end":{"line":44,"column":95}},"line":44},"6":{"name":"(anonymous_6)","decl":{"start":{"line":47,"column":55},"end":{"line":47,"column":56}},"loc":{"start":{"line":47,"column":73},"end":{"line":47,"column":101}},"line":47}},"branchMap":{},"s":{"0":2,"1":26,"2":1,"3":26,"4":1,"5":130,"6":0,"7":1},"f":{"0":26,"1":1,"2":26,"3":1,"4":130,"5":0,"6":1},"b":{},"meta":{"lastBranch":0,"lastFunction":7,"lastStatement":8,"seen":{"s:7:68:13:Infinity":0,"f:21:16:21:34":0,"s:22:2:51:Infinity":1,"f:29:18:29:19":1,"s:29:33:29:Infinity":2,"f:30:16:30:17":2,"s:30:23:30:Infinity":3,"f:35:18:35:19":3,"s:35:25:35:Infinity":4,"f:37:24:37:25":4,"s:38:10:40:Infinity":5,"f:44:53:44:54":5,"s:44:69:44:95":6,"f:47:55:47:56":6,"s:47:73:47:101":7},"fnNames":{}}}
,"/Users/maxime/Downloads/genpass/src/components/generator/StrengthMeter.tsx": {"path":"/Users/maxime/Downloads/genpass/src/components/generator/StrengthMeter.tsx","statementMap":{"0":{"start":{"line":5,"column":8},"end":{"line":5,"column":null}},"1":{"start":{"line":6,"column":8},"end":{"line":6,"column":null}},"2":{"start":{"line":7,"column":16},"end":{"line":7,"column":null}},"3":{"start":{"line":8,"column":2},"end":{"line":17,"column":null}}},"fnMap":{"0":{"name":"StrengthMeter","decl":{"start":{"line":4,"column":16},"end":{"line":4,"column":30}},"loc":{"start":{"line":4,"column":58},"end":{"line":19,"column":null}},"line":4}},"branchMap":{"0":{"loc":{"start":{"line":15,"column":9},"end":{"line":15,"column":73}},"type":"cond-expr","locations":[{"start":{"line":15,"column":31},"end":{"line":15,"column":53}},{"start":{"line":15,"column":53},"end":{"line":15,"column":73}}],"line":15}},"s":{"0":58,"1":58,"2":58,"3":58},"f":{"0":58},"b":{"0":[1,57]},"meta":{"lastBranch":1,"lastFunction":1,"lastStatement":4,"seen":{"f:4:16:4:30":0,"s:5:8:5:Infinity":0,"s:6:8:6:Infinity":1,"s:7:16:7:Infinity":2,"s:8:2:17:Infinity":3,"b:15:31:15:53:15:53:15:73":0},"fnNames":{}}}
,"/Users/maxime/Downloads/genpass/src/components/settings/SettingsView.tsx": {"path":"/Users/maxime/Downloads/genpass/src/components/settings/SettingsView.tsx","statementMap":{"0":{"start":{"line":8,"column":27},"end":{"line":8,"column":null}},"1":{"start":{"line":10,"column":2},"end":{"line":98,"column":null}},"2":{"start":{"line":17,"column":31},"end":{"line":17,"column":null}},"3":{"start":{"line":31,"column":27},"end":{"line":31,"column":null}},"4":{"start":{"line":41,"column":27},"end":{"line":41,"column":null}},"5":{"start":{"line":57,"column":32},"end":{"line":57,"column":null}},"6":{"start":{"line":66,"column":37},"end":{"line":66,"column":null}},"7":{"start":{"line":75,"column":31},"end":{"line":75,"column":null}},"8":{"start":{"line":83,"column":31},"end":{"line":83,"column":null}}},"fnMap":{"0":{"name":"SettingsView","decl":{"start":{"line":7,"column":16},"end":{"line":7,"column":31}},"loc":{"start":{"line":7,"column":31},"end":{"line":100,"column":null}},"line":7},"1":{"name":"(anonymous_1)","decl":{"start":{"line":17,"column":20},"end":{"line":17,"column":21}},"loc":{"start":{"line":17,"column":31},"end":{"line":17,"column":null}},"line":17},"2":{"name":"(anonymous_2)","decl":{"start":{"line":31,"column":20},"end":{"line":31,"column":21}},"loc":{"start":{"line":31,"column":27},"end":{"line":31,"column":null}},"line":31},"3":{"name":"(anonymous_3)","decl":{"start":{"line":41,"column":20},"end":{"line":41,"column":21}},"loc":{"start":{"line":41,"column":27},"end":{"line":41,"column":null}},"line":41},"4":{"name":"(anonymous_4)","decl":{"start":{"line":57,"column":22},"end":{"line":57,"column":23}},"loc":{"start":{"line":57,"column":32},"end":{"line":57,"column":null}},"line":57},"5":{"name":"(anonymous_5)","decl":{"start":{"line":66,"column":22},"end":{"line":66,"column":23}},"loc":{"start":{"line":66,"column":37},"end":{"line":66,"column":null}},"line":66},"6":{"name":"(anonymous_6)","decl":{"start":{"line":75,"column":20},"end":{"line":75,"column":21}},"loc":{"start":{"line":75,"column":31},"end":{"line":75,"column":null}},"line":75},"7":{"name":"(anonymous_7)","decl":{"start":{"line":83,"column":20},"end":{"line":83,"column":21}},"loc":{"start":{"line":83,"column":31},"end":{"line":83,"column":null}},"line":83}},"branchMap":{},"s":{"0":14,"1":14,"2":1,"3":1,"4":1,"5":1,"6":1,"7":5,"8":0},"f":{"0":14,"1":1,"2":1,"3":1,"4":1,"5":1,"6":5,"7":0},"b":{},"meta":{"lastBranch":0,"lastFunction":8,"lastStatement":9,"seen":{"f:7:16:7:31":0,"s:8:27:8:Infinity":0,"s:10:2:98:Infinity":1,"f:17:20:17:21":1,"s:17:31:17:Infinity":2,"f:31:20:31:21":2,"s:31:27:31:Infinity":3,"f:41:20:41:21":3,"s:41:27:41:Infinity":4,"f:57:22:57:23":4,"s:57:32:57:Infinity":5,"f:66:22:66:23":5,"s:66:37:66:Infinity":6,"f:75:20:75:21":6,"s:75:31:75:Infinity":7,"f:83:20:83:21":7,"s:83:31:83:Infinity":8},"fnNames":{}}}
,"/Users/maxime/Downloads/genpass/src/components/share/QrCode.tsx": {"path":"/Users/maxime/Downloads/genpass/src/components/share/QrCode.tsx","statementMap":{"0":{"start":{"line":4,"column":19},"end":{"line":4,"column":null}},"1":{"start":{"line":12,"column":21},"end":{"line":15,"column":null}},"2":{"start":{"line":13,"column":10},"end":{"line":13,"column":null}},"3":{"start":{"line":14,"column":4},"end":{"line":14,"column":null}},"4":{"start":{"line":17,"column":2},"end":{"line":27,"column":null}},"5":{"start":{"line":33,"column":8},"end":{"line":33,"column":null}},"6":{"start":{"line":34,"column":16},"end":{"line":34,"column":null}},"7":{"start":{"line":35,"column":2},"end":{"line":38,"column":null}},"8":{"start":{"line":44,"column":8},"end":{"line":44,"column":null}},"9":{"start":{"line":45,"column":8},"end":{"line":45,"column":null}},"10":{"start":{"line":46,"column":17},"end":{"line":46,"column":null}},"11":{"start":{"line":47,"column":2},"end":{"line":47,"column":null}},"12":{"start":{"line":48,"column":2},"end":{"line":48,"column":null}},"13":{"start":{"line":49,"column":14},"end":{"line":49,"column":null}},"14":{"start":{"line":50,"column":2},"end":{"line":50,"column":null}},"15":{"start":{"line":51,"column":2},"end":{"line":51,"column":null}},"16":{"start":{"line":52,"column":2},"end":{"line":52,"column":null}},"17":{"start":{"line":53,"column":2},"end":{"line":59,"column":null}},"18":{"start":{"line":53,"column":15},"end":{"line":53,"column":18}},"19":{"start":{"line":54,"column":4},"end":{"line":58,"column":null}},"20":{"start":{"line":54,"column":17},"end":{"line":54,"column":20}},"21":{"start":{"line":55,"column":6},"end":{"line":57,"column":null}},"22":{"start":{"line":56,"column":8},"end":{"line":56,"column":null}},"23":{"start":{"line":60,"column":2},"end":{"line":62,"column":null}},"24":{"start":{"line":61,"column":4},"end":{"line":61,"column":null}},"25":{"start":{"line":61,"column":29},"end":{"line":61,"column":93}}},"fnMap":{"0":{"name":"QrCode","decl":{"start":{"line":11,"column":16},"end":{"line":11,"column":23}},"loc":{"start":{"line":11,"column":53},"end":{"line":29,"column":null}},"line":11},"1":{"name":"(anonymous_1)","decl":{"start":{"line":12,"column":33},"end":{"line":12,"column":39}},"loc":{"start":{"line":12,"column":39},"end":{"line":15,"column":5}},"line":12},"2":{"name":"qrSvgDocument","decl":{"start":{"line":32,"column":16},"end":{"line":32,"column":30}},"loc":{"start":{"line":32,"column":52},"end":{"line":40,"column":null}},"line":32},"3":{"name":"qrPngBlob","decl":{"start":{"line":43,"column":22},"end":{"line":43,"column":32}},"loc":{"start":{"line":43,"column":73},"end":{"line":63,"column":null}},"line":43},"4":{"name":"(anonymous_4)","decl":{"start":{"line":60,"column":21},"end":{"line":60,"column":22}},"loc":{"start":{"line":60,"column":42},"end":{"line":62,"column":3}},"line":60},"5":{"name":"(anonymous_5)","decl":{"start":{"line":61,"column":18},"end":{"line":61,"column":19}},"loc":{"start":{"line":61,"column":29},"end":{"line":61,"column":93}},"line":61}},"branchMap":{"0":{"loc":{"start":{"line":43,"column":46},"end":{"line":43,"column":73}},"type":"default-arg","locations":[{"start":{"line":43,"column":54},"end":{"line":43,"column":73}}],"line":43},"1":{"loc":{"start":{"line":55,"column":6},"end":{"line":57,"column":null}},"type":"if","locations":[{"start":{"line":55,"column":6},"end":{"line":57,"column":null}},{"start":{},"end":{}}],"line":55},"2":{"loc":{"start":{"line":61,"column":29},"end":{"line":61,"column":93}},"type":"cond-expr","locations":[{"start":{"line":61,"column":36},"end":{"line":61,"column":52}},{"start":{"line":61,"column":52},"end":{"line":61,"column":93}}],"line":61}},"s":{"0":1,"1":33,"2":32,"3":32,"4":33,"5":1,"6":1,"7":1,"8":0,"9":0,"10":0,"11":0,"12":0,"13":0,"14":0,"15":0,"16":0,"17":0,"18":0,"19":0,"20":0,"21":0,"22":0,"23":0,"24":0,"25":0},"f":{"0":33,"1":32,"2":1,"3":0,"4":0,"5":0},"b":{"0":[0],"1":[0,0],"2":[0,0]},"meta":{"lastBranch":3,"lastFunction":6,"lastStatement":26,"seen":{"s:4:19:4:Infinity":0,"f:11:16:11:23":0,"s:12:21:15:Infinity":1,"f:12:33:12:39":1,"s:13:10:13:Infinity":2,"s:14:4:14:Infinity":3,"s:17:2:27:Infinity":4,"f:32:16:32:30":2,"s:33:8:33:Infinity":5,"s:34:16:34:Infinity":6,"s:35:2:38:Infinity":7,"f:43:22:43:32":3,"b:43:54:43:73":0,"s:44:8:44:Infinity":8,"s:45:8:45:Infinity":9,"s:46:17:46:Infinity":10,"s:47:2:47:Infinity":11,"s:48:2:48:Infinity":12,"s:49:14:49:Infinity":13,"s:50:2:50:Infinity":14,"s:51:2:51:Infinity":15,"s:52:2:52:Infinity":16,"s:53:2:59:Infinity":17,"s:53:15:53:18":18,"s:54:4:58:Infinity":19,"s:54:17:54:20":20,"b:55:6:57:Infinity:undefined:undefined:undefined:undefined":1,"s:55:6:57:Infinity":21,"s:56:8:56:Infinity":22,"s:60:2:62:Infinity":23,"f:60:21:60:22":4,"s:61:4:61:Infinity":24,"f:61:18:61:19":5,"s:61:29:61:93":25,"b:61:36:61:52:61:52:61:93":2},"fnNames":{}}}
,"/Users/maxime/Downloads/genpass/src/components/share/ShareOpenDialog.tsx": {"path":"/Users/maxime/Downloads/genpass/src/components/share/ShareOpenDialog.tsx","statementMap":{"0":{"start":{"line":18,"column":16},"end":{"line":18,"column":null}},"1":{"start":{"line":19,"column":34},"end":{"line":19,"column":null}},"2":{"start":{"line":20,"column":28},"end":{"line":20,"column":null}},"3":{"start":{"line":21,"column":24},"end":{"line":21,"column":null}},"4":{"start":{"line":22,"column":22},"end":{"line":22,"column":null}},"5":{"start":{"line":24,"column":16},"end":{"line":29,"column":null}},"6":{"start":{"line":25,"column":4},"end":{"line":25,"column":null}},"7":{"start":{"line":26,"column":4},"end":{"line":26,"column":null}},"8":{"start":{"line":27,"column":4},"end":{"line":27,"column":null}},"9":{"start":{"line":28,"column":4},"end":{"line":28,"column":null}},"10":{"start":{"line":31,"column":17},"end":{"line":49,"column":null}},"11":{"start":{"line":32,"column":4},"end":{"line":32,"column":null}},"12":{"start":{"line":33,"column":4},"end":{"line":33,"column":null}},"13":{"start":{"line":33,"column":17},"end":{"line":33,"column":null}},"14":{"start":{"line":34,"column":4},"end":{"line":34,"column":null}},"15":{"start":{"line":35,"column":4},"end":{"line":35,"column":null}},"16":{"start":{"line":36,"column":4},"end":{"line":48,"column":null}},"17":{"start":{"line":37,"column":6},"end":{"line":37,"column":null}},"18":{"start":{"line":38,"column":6},"end":{"line":38,"column":null}},"19":{"start":{"line":40,"column":6},"end":{"line":40,"column":null}},"20":{"start":{"line":41,"column":6},"end":{"line":45,"column":null}},"21":{"start":{"line":47,"column":6},"end":{"line":47,"column":null}},"22":{"start":{"line":51,"column":15},"end":{"line":56,"column":null}},"23":{"start":{"line":52,"column":4},"end":{"line":52,"column":null}},"24":{"start":{"line":52,"column":18},"end":{"line":52,"column":null}},"25":{"start":{"line":53,"column":4},"end":{"line":55,"column":null}},"26":{"start":{"line":54,"column":6},"end":{"line":54,"column":null}},"27":{"start":{"line":58,"column":2},"end":{"line":95,"column":null}},"28":{"start":{"line":69,"column":31},"end":{"line":69,"column":null}}},"fnMap":{"0":{"name":"ShareOpenDialog","decl":{"start":{"line":17,"column":16},"end":{"line":17,"column":32}},"loc":{"start":{"line":17,"column":75},"end":{"line":97,"column":null}},"line":17},"1":{"name":"(anonymous_1)","decl":{"start":{"line":24,"column":16},"end":{"line":24,"column":22}},"loc":{"start":{"line":24,"column":22},"end":{"line":29,"column":null}},"line":24},"2":{"name":"(anonymous_2)","decl":{"start":{"line":31,"column":17},"end":{"line":31,"column":24}},"loc":{"start":{"line":31,"column":41},"end":{"line":49,"column":null}},"line":31},"3":{"name":"(anonymous_3)","decl":{"start":{"line":51,"column":15},"end":{"line":51,"column":21}},"loc":{"start":{"line":51,"column":21},"end":{"line":56,"column":null}},"line":51},"4":{"name":"(anonymous_4)","decl":{"start":{"line":53,"column":39},"end":{"line":53,"column":40}},"loc":{"start":{"line":54,"column":6},"end":{"line":54,"column":null}},"line":54},"5":{"name":"(anonymous_5)","decl":{"start":{"line":69,"column":24},"end":{"line":69,"column":25}},"loc":{"start":{"line":69,"column":31},"end":{"line":69,"column":null}},"line":69}},"branchMap":{"0":{"loc":{"start":{"line":33,"column":4},"end":{"line":33,"column":null}},"type":"if","locations":[{"start":{"line":33,"column":4},"end":{"line":33,"column":null}},{"start":{},"end":{}}],"line":33},"1":{"loc":{"start":{"line":37,"column":50},"end":{"line":37,"column":73}},"type":"binary-expr","locations":[{"start":{"line":37,"column":50},"end":{"line":37,"column":64}},{"start":{"line":37,"column":64},"end":{"line":37,"column":73}}],"line":37},"2":{"loc":{"start":{"line":42,"column":8},"end":{"line":44,"column":null}},"type":"cond-expr","locations":[{"start":{"line":43,"column":12},"end":{"line":43,"column":null}},{"start":{"line":44,"column":12},"end":{"line":44,"column":null}}],"line":42},"3":{"loc":{"start":{"line":42,"column":8},"end":{"line":42,"column":null}},"type":"binary-expr","locations":[{"start":{"line":42,"column":8},"end":{"line":42,"column":44}},{"start":{"line":42,"column":44},"end":{"line":42,"column":null}}],"line":42},"4":{"loc":{"start":{"line":52,"column":4},"end":{"line":52,"column":null}},"type":"if","locations":[{"start":{"line":52,"column":4},"end":{"line":52,"column":null}},{"start":{},"end":{}}],"line":52},"5":{"loc":{"start":{"line":54,"column":12},"end":{"line":54,"column":69}},"type":"cond-expr","locations":[{"start":{"line":54,"column":17},"end":{"line":54,"column":35}},{"start":{"line":54,"column":35},"end":{"line":54,"column":69}}],"line":54},"6":{"loc":{"start":{"line":54,"column":69},"end":{"line":54,"column":90}},"type":"cond-expr","locations":[{"start":{"line":54,"column":74},"end":{"line":54,"column":83}},{"start":{"line":54,"column":83},"end":{"line":54,"column":90}}],"line":54},"7":{"loc":{"start":{"line":60,"column":7},"end":{"line":93,"column":null}},"type":"cond-expr","locations":[{"start":{"line":61,"column":8},"end":{"line":82,"column":null}},{"start":{"line":84,"column":8},"end":{"line":93,"column":null}}],"line":60},"8":{"loc":{"start":{"line":65,"column":11},"end":{"line":73,"column":null}},"type":"binary-expr","locations":[{"start":{"line":65,"column":11},"end":{"line":65,"column":null}},{"start":{"line":66,"column":12},"end":{"line":73,"column":null}}],"line":65},"9":{"loc":{"start":{"line":71,"column":21},"end":{"line":71,"column":null}},"type":"binary-expr","locations":[{"start":{"line":71,"column":21},"end":{"line":71,"column":30}},{"start":{"line":71,"column":30},"end":{"line":71,"column":null}}],"line":71},"10":{"loc":{"start":{"line":75,"column":11},"end":{"line":75,"column":null}},"type":"binary-expr","locations":[{"start":{"line":75,"column":11},"end":{"line":75,"column":39}},{"start":{"line":75,"column":39},"end":{"line":75,"column":48}},{"start":{"line":75,"column":48},"end":{"line":75,"column":null}}],"line":75},"11":{"loc":{"start":{"line":78,"column":74},"end":{"line":78,"column":121}},"type":"cond-expr","locations":[{"start":{"line":78,"column":100},"end":{"line":78,"column":114}},{"start":{"line":78,"column":114},"end":{"line":78,"column":121}}],"line":78},"12":{"loc":{"start":{"line":85,"column":11},"end":{"line":85,"column":null}},"type":"binary-expr","locations":[{"start":{"line":85,"column":11},"end":{"line":85,"column":28}},{"start":{"line":85,"column":28},"end":{"line":85,"column":null}}],"line":85}},"s":{"0":19,"1":19,"2":19,"3":19,"4":19,"5":19,"6":0,"7":0,"8":0,"9":0,"10":19,"11":3,"12":3,"13":0,"14":3,"15":3,"16":3,"17":3,"18":2,"19":1,"20":1,"21":3,"22":19,"23":0,"24":0,"25":0,"26":0,"27":19,"28":11},"f":{"0":19,"1":0,"2":3,"3":0,"4":0,"5":11},"b":{"0":[0,3],"1":[3,1],"2":[1,0],"3":[1,1],"4":[0,0],"5":[0,0],"6":[0,0],"7":[17,2],"8":[17,15],"9":[15,8],"10":[17,2,0],"11":[15,2],"12":[2,1]},"meta":{"lastBranch":13,"lastFunction":6,"lastStatement":29,"seen":{"f:17:16:17:32":0,"s:18:16:18:Infinity":0,"s:19:34:19:Infinity":1,"s:20:28:20:Infinity":2,"s:21:24:21:Infinity":3,"s:22:22:22:Infinity":4,"s:24:16:29:Infinity":5,"f:24:16:24:22":1,"s:25:4:25:Infinity":6,"s:26:4:26:Infinity":7,"s:27:4:27:Infinity":8,"s:28:4:28:Infinity":9,"s:31:17:49:Infinity":10,"f:31:17:31:24":2,"s:32:4:32:Infinity":11,"b:33:4:33:Infinity:undefined:undefined:undefined:undefined":0,"s:33:4:33:Infinity":12,"s:33:17:33:Infinity":13,"s:34:4:34:Infinity":14,"s:35:4:35:Infinity":15,"s:36:4:48:Infinity":16,"s:37:6:37:Infinity":17,"b:37:50:37:64:37:64:37:73":1,"s:38:6:38:Infinity":18,"s:40:6:40:Infinity":19,"s:41:6:45:Infinity":20,"b:43:12:43:Infinity:44:12:44:Infinity":2,"b:42:8:42:44:42:44:42:Infinity":3,"s:47:6:47:Infinity":21,"s:51:15:56:Infinity":22,"f:51:15:51:21":3,"b:52:4:52:Infinity:undefined:undefined:undefined:undefined":4,"s:52:4:52:Infinity":23,"s:52:18:52:Infinity":24,"s:53:4:55:Infinity":25,"f:53:39:53:40":4,"s:54:6:54:Infinity":26,"b:54:17:54:35:54:35:54:69":5,"b:54:74:54:83:54:83:54:90":6,"s:58:2:95:Infinity":27,"b:61:8:82:Infinity:84:8:93:Infinity":7,"b:65:11:65:Infinity:66:12:73:Infinity":8,"f:69:24:69:25":5,"s:69:31:69:Infinity":28,"b:71:21:71:30:71:30:71:Infinity":9,"b:75:11:75:39:75:39:75:48:75:48:75:Infinity":10,"b:78:100:78:114:78:114:78:121":11,"b:85:11:85:28:85:28:85:Infinity":12},"fnNames":{}}}
,"/Users/maxime/Downloads/genpass/src/components/share/ShareView.tsx": {"path":"/Users/maxime/Downloads/genpass/src/components/share/ShareView.tsx","statementMap":{"0":{"start":{"line":14,"column":14},"end":{"line":14,"column":null}},"1":{"start":{"line":15,"column":12},"end":{"line":15,"column":null}},"2":{"start":{"line":16,"column":2},"end":{"line":16,"column":null}},"3":{"start":{"line":17,"column":2},"end":{"line":17,"column":null}},"4":{"start":{"line":18,"column":2},"end":{"line":18,"column":null}},"5":{"start":{"line":19,"column":2},"end":{"line":19,"column":null}},"6":{"start":{"line":28,"column":16},"end":{"line":28,"column":null}},"7":{"start":{"line":29,"column":8},"end":{"line":29,"column":null}},"8":{"start":{"line":30,"column":22},"end":{"line":30,"column":null}},"9":{"start":{"line":31,"column":22},"end":{"line":31,"column":null}},"10":{"start":{"line":32,"column":24},"end":{"line":32,"column":null}},"11":{"start":{"line":33,"column":34},"end":{"line":33,"column":null}},"12":{"start":{"line":34,"column":22},"end":{"line":34,"column":null}},"13":{"start":{"line":35,"column":22},"end":{"line":35,"column":null}},"14":{"start":{"line":37,"column":21},"end":{"line":50,"column":null}},"15":{"start":{"line":38,"column":4},"end":{"line":38,"column":null}},"16":{"start":{"line":39,"column":4},"end":{"line":39,"column":null}},"17":{"start":{"line":39,"column":15},"end":{"line":39,"column":null}},"18":{"start":{"line":40,"column":4},"end":{"line":40,"column":null}},"19":{"start":{"line":41,"column":4},"end":{"line":49,"column":null}},"20":{"start":{"line":42,"column":23},"end":{"line":45,"column":null}},"21":{"start":{"line":46,"column":6},"end":{"line":46,"column":null}},"22":{"start":{"line":48,"column":6},"end":{"line":48,"column":null}},"23":{"start":{"line":52,"column":19},"end":{"line":55,"column":null}},"24":{"start":{"line":53,"column":4},"end":{"line":53,"column":null}},"25":{"start":{"line":53,"column":15},"end":{"line":53,"column":null}},"26":{"start":{"line":54,"column":4},"end":{"line":54,"column":null}},"27":{"start":{"line":54,"column":37},"end":{"line":54,"column":120}},"28":{"start":{"line":57,"column":2},"end":{"line":166,"column":null}},"29":{"start":{"line":64,"column":12},"end":{"line":64,"column":null}},"30":{"start":{"line":65,"column":12},"end":{"line":65,"column":null}},"31":{"start":{"line":83,"column":14},"end":{"line":83,"column":null}},"32":{"start":{"line":84,"column":14},"end":{"line":84,"column":null}},"33":{"start":{"line":104,"column":18},"end":{"line":104,"column":null}},"34":{"start":{"line":109,"column":43},"end":{"line":109,"column":108}},"35":{"start":{"line":109,"column":76},"end":{"line":109,"column":105}},"36":{"start":{"line":125,"column":16},"end":{"line":125,"column":null}},"37":{"start":{"line":126,"column":16},"end":{"line":126,"column":null}},"38":{"start":{"line":134,"column":16},"end":{"line":134,"column":null}},"39":{"start":{"line":135,"column":16},"end":{"line":135,"column":null}},"40":{"start":{"line":148,"column":83},"end":{"line":148,"column":102}}},"fnMap":{"0":{"name":"download","decl":{"start":{"line":13,"column":9},"end":{"line":13,"column":18}},"loc":{"start":{"line":13,"column":48},"end":{"line":20,"column":null}},"line":13},"1":{"name":"ShareView","decl":{"start":{"line":27,"column":16},"end":{"line":27,"column":26}},"loc":{"start":{"line":27,"column":55},"end":{"line":168,"column":null}},"line":27},"2":{"name":"(anonymous_2)","decl":{"start":{"line":37,"column":21},"end":{"line":37,"column":28}},"loc":{"start":{"line":37,"column":45},"end":{"line":50,"column":null}},"line":37},"3":{"name":"(anonymous_3)","decl":{"start":{"line":52,"column":19},"end":{"line":52,"column":25}},"loc":{"start":{"line":52,"column":25},"end":{"line":55,"column":null}},"line":52},"4":{"name":"(anonymous_4)","decl":{"start":{"line":54,"column":29},"end":{"line":54,"column":30}},"loc":{"start":{"line":54,"column":37},"end":{"line":54,"column":120}},"line":54},"5":{"name":"(anonymous_5)","decl":{"start":{"line":63,"column":20},"end":{"line":63,"column":21}},"loc":{"start":{"line":63,"column":30},"end":{"line":66,"column":null}},"line":63},"6":{"name":"(anonymous_6)","decl":{"start":{"line":82,"column":22},"end":{"line":82,"column":23}},"loc":{"start":{"line":82,"column":29},"end":{"line":85,"column":null}},"line":82},"7":{"name":"(anonymous_7)","decl":{"start":{"line":103,"column":25},"end":{"line":103,"column":null}},"loc":{"start":{"line":104,"column":18},"end":{"line":104,"column":null}},"line":104},"8":{"name":"(anonymous_8)","decl":{"start":{"line":109,"column":37},"end":{"line":109,"column":43}},"loc":{"start":{"line":109,"column":43},"end":{"line":109,"column":108}},"line":109},"9":{"name":"(anonymous_9)","decl":{"start":{"line":109,"column":69},"end":{"line":109,"column":70}},"loc":{"start":{"line":109,"column":76},"end":{"line":109,"column":105}},"line":109},"10":{"name":"(anonymous_10)","decl":{"start":{"line":124,"column":24},"end":{"line":124,"column":25}},"loc":{"start":{"line":124,"column":31},"end":{"line":127,"column":null}},"line":124},"11":{"name":"(anonymous_11)","decl":{"start":{"line":133,"column":24},"end":{"line":133,"column":25}},"loc":{"start":{"line":133,"column":31},"end":{"line":136,"column":null}},"line":133},"12":{"name":"(anonymous_12)","decl":{"start":{"line":148,"column":76},"end":{"line":148,"column":77}},"loc":{"start":{"line":148,"column":83},"end":{"line":148,"column":102}},"line":148}},"branchMap":{"0":{"loc":{"start":{"line":30,"column":50},"end":{"line":30,"column":73}},"type":"cond-expr","locations":[{"start":{"line":30,"column":60},"end":{"line":30,"column":69}},{"start":{"line":30,"column":69},"end":{"line":30,"column":73}}],"line":30},"1":{"loc":{"start":{"line":31,"column":35},"end":{"line":31,"column":48}},"type":"binary-expr","locations":[{"start":{"line":31,"column":35},"end":{"line":31,"column":46}},{"start":{"line":31,"column":46},"end":{"line":31,"column":48}}],"line":31},"2":{"loc":{"start":{"line":39,"column":4},"end":{"line":39,"column":null}},"type":"if","locations":[{"start":{"line":39,"column":4},"end":{"line":39,"column":null}},{"start":{},"end":{}}],"line":39},"3":{"loc":{"start":{"line":43,"column":31},"end":{"line":43,"column":57}},"type":"binary-expr","locations":[{"start":{"line":43,"column":31},"end":{"line":43,"column":47}},{"start":{"line":43,"column":47},"end":{"line":43,"column":57}}],"line":43},"4":{"loc":{"start":{"line":44,"column":8},"end":{"line":44,"column":null}},"type":"binary-expr","locations":[{"start":{"line":44,"column":8},"end":{"line":44,"column":22}},{"start":{"line":44,"column":22},"end":{"line":44,"column":null}}],"line":44},"5":{"loc":{"start":{"line":53,"column":4},"end":{"line":53,"column":null}},"type":"if","locations":[{"start":{"line":53,"column":4},"end":{"line":53,"column":null}},{"start":{},"end":{}}],"line":53},"6":{"loc":{"start":{"line":54,"column":43},"end":{"line":54,"column":98}},"type":"cond-expr","locations":[{"start":{"line":54,"column":48},"end":{"line":54,"column":64}},{"start":{"line":54,"column":64},"end":{"line":54,"column":98}}],"line":54},"7":{"loc":{"start":{"line":54,"column":98},"end":{"line":54,"column":119}},"type":"cond-expr","locations":[{"start":{"line":54,"column":103},"end":{"line":54,"column":112}},{"start":{"line":54,"column":112},"end":{"line":54,"column":119}}],"line":54},"8":{"loc":{"start":{"line":77,"column":13},"end":{"line":77,"column":null}},"type":"cond-expr","locations":[{"start":{"line":77,"column":29},"end":{"line":77,"column":38}},{"start":{"line":77,"column":38},"end":{"line":77,"column":null}}],"line":77},"9":{"loc":{"start":{"line":86,"column":25},"end":{"line":86,"column":null}},"type":"cond-expr","locations":[{"start":{"line":86,"column":41},"end":{"line":86,"column":75}},{"start":{"line":86,"column":75},"end":{"line":86,"column":null}}],"line":86},"10":{"loc":{"start":{"line":91,"column":9},"end":{"line":95,"column":null}},"type":"binary-expr","locations":[{"start":{"line":91,"column":9},"end":{"line":91,"column":26}},{"start":{"line":91,"column":26},"end":{"line":91,"column":34}},{"start":{"line":91,"column":34},"end":{"line":91,"column":null}},{"start":{"line":92,"column":10},"end":{"line":95,"column":null}}],"line":91},"11":{"loc":{"start":{"line":97,"column":9},"end":{"line":116,"column":null}},"type":"binary-expr","locations":[{"start":{"line":97,"column":9},"end":{"line":97,"column":26}},{"start":{"line":97,"column":26},"end":{"line":97,"column":34}},{"start":{"line":97,"column":26},"end":{"line":97,"column":null}},{"start":{"line":98,"column":10},"end":{"line":116,"column":null}}],"line":97},"12":{"loc":{"start":{"line":119,"column":9},"end":{"line":142,"column":null}},"type":"binary-expr","locations":[{"start":{"line":119,"column":9},"end":{"line":119,"column":null}},{"start":{"line":120,"column":10},"end":{"line":142,"column":null}}],"line":119},"13":{"loc":{"start":{"line":145,"column":9},"end":{"line":163,"column":null}},"type":"binary-expr","locations":[{"start":{"line":145,"column":9},"end":{"line":145,"column":28}},{"start":{"line":145,"column":28},"end":{"line":145,"column":null}},{"start":{"line":146,"column":10},"end":{"line":163,"column":null}}],"line":145},"14":{"loc":{"start":{"line":150,"column":12},"end":{"line":156,"column":null}},"type":"cond-expr","locations":[{"start":{"line":152,"column":14},"end":{"line":152,"column":null}},{"start":{"line":154,"column":14},"end":{"line":156,"column":null}}],"line":150},"15":{"loc":{"start":{"line":160,"column":50},"end":{"line":160,"column":90}},"type":"cond-expr","locations":[{"start":{"line":160,"column":63},"end":{"line":160,"column":87}},{"start":{"line":160,"column":87},"end":{"line":160,"column":90}}],"line":160}},"s":{"0":1,"1":1,"2":1,"3":1,"4":1,"5":1,"6":48,"7":48,"8":48,"9":48,"10":48,"11":48,"12":48,"13":48,"14":48,"15":2,"16":2,"17":0,"18":2,"19":2,"20":2,"21":2,"22":2,"23":48,"24":1,"25":0,"26":1,"27":1,"28":48,"29":1,"30":1,"31":38,"32":38,"33":1,"34":0,"35":0,"36":0,"37":0,"38":0,"39":0,"40":0},"f":{"0":1,"1":48,"2":2,"3":1,"4":1,"5":1,"6":38,"7":1,"8":0,"9":0,"10":0,"11":0,"12":0},"b":{"0":[3,45],"1":[48,45],"2":[0,2],"3":[2,2],"4":[2,2],"5":[0,1],"6":[1,0],"7":[1,0],"8":[34,14],"9":[34,14],"10":[48,34,31,1],"11":[48,34,31,30],"12":[48,14],"13":[48,14,3],"14":[3,0],"15":[0,3]},"meta":{"lastBranch":16,"lastFunction":13,"lastStatement":41,"seen":{"f:13:9:13:18":0,"s:14:14:14:Infinity":0,"s:15:12:15:Infinity":1,"s:16:2:16:Infinity":2,"s:17:2:17:Infinity":3,"s:18:2:18:Infinity":4,"s:19:2:19:Infinity":5,"f:27:16:27:26":1,"s:28:16:28:Infinity":6,"s:29:8:29:Infinity":7,"s:30:22:30:Infinity":8,"b:30:60:30:69:30:69:30:73":0,"s:31:22:31:Infinity":9,"b:31:35:31:46:31:46:31:48":1,"s:32:24:32:Infinity":10,"s:33:34:33:Infinity":11,"s:34:22:34:Infinity":12,"s:35:22:35:Infinity":13,"s:37:21:50:Infinity":14,"f:37:21:37:28":2,"s:38:4:38:Infinity":15,"b:39:4:39:Infinity:undefined:undefined:undefined:undefined":2,"s:39:4:39:Infinity":16,"s:39:15:39:Infinity":17,"s:40:4:40:Infinity":18,"s:41:4:49:Infinity":19,"s:42:23:45:Infinity":20,"b:43:31:43:47:43:47:43:57":3,"b:44:8:44:22:44:22:44:Infinity":4,"s:46:6:46:Infinity":21,"s:48:6:48:Infinity":22,"s:52:19:55:Infinity":23,"f:52:19:52:25":3,"b:53:4:53:Infinity:undefined:undefined:undefined:undefined":5,"s:53:4:53:Infinity":24,"s:53:15:53:Infinity":25,"s:54:4:54:Infinity":26,"f:54:29:54:30":4,"s:54:37:54:120":27,"b:54:48:54:64:54:64:54:98":6,"b:54:103:54:112:54:112:54:119":7,"s:57:2:166:Infinity":28,"f:63:20:63:21":5,"s:64:12:64:Infinity":29,"s:65:12:65:Infinity":30,"b:77:29:77:38:77:38:77:Infinity":8,"f:82:22:82:23":6,"s:83:14:83:Infinity":31,"s:84:14:84:Infinity":32,"b:86:41:86:75:86:75:86:Infinity":9,"b:91:9:91:26:91:26:91:34:91:34:91:Infinity:92:10:95:Infinity":10,"b:97:9:97:26:97:26:97:34:97:26:97:Infinity:98:10:116:Infinity":11,"f:103:25:103:Infinity":7,"s:104:18:104:Infinity":33,"f:109:37:109:43":8,"s:109:43:109:108":34,"f:109:69:109:70":9,"s:109:76:109:105":35,"b:119:9:119:Infinity:120:10:142:Infinity":12,"f:124:24:124:25":10,"s:125:16:125:Infinity":36,"s:126:16:126:Infinity":37,"f:133:24:133:25":11,"s:134:16:134:Infinity":38,"s:135:16:135:Infinity":39,"b:145:9:145:28:145:28:145:Infinity:146:10:163:Infinity":13,"f:148:76:148:77":12,"s:148:83:148:102":40,"b:152:14:152:Infinity:154:14:156:Infinity":14,"b:160:63:160:87:160:87:160:90":15},"fnNames":{}}}
,"/Users/maxime/Downloads/genpass/src/components/ui/Button.tsx": {"path":"/Users/maxime/Downloads/genpass/src/components/ui/Button.tsx","statementMap":{"0":{"start":{"line":12,"column":18},"end":{"line":19,"column":null}},"1":{"start":{"line":20,"column":2},"end":{"line":24,"column":null}},"2":{"start":{"line":34,"column":2},"end":{"line":43,"column":null}}},"fnMap":{"0":{"name":"Button","decl":{"start":{"line":11,"column":16},"end":{"line":11,"column":23}},"loc":{"start":{"line":11,"column":114},"end":{"line":26,"column":null}},"line":11},"1":{"name":"IconButton","decl":{"start":{"line":33,"column":16},"end":{"line":33,"column":27}},"loc":{"start":{"line":33,"column":85},"end":{"line":45,"column":null}},"line":33}},"branchMap":{"0":{"loc":{"start":{"line":11,"column":25},"end":{"line":11,"column":46}},"type":"default-arg","locations":[{"start":{"line":11,"column":35},"end":{"line":11,"column":46}}],"line":11},"1":{"loc":{"start":{"line":14,"column":4},"end":{"line":14,"column":null}},"type":"binary-expr","locations":[{"start":{"line":14,"column":4},"end":{"line":14,"column":29}},{"start":{"line":14,"column":29},"end":{"line":14,"column":null}}],"line":14},"2":{"loc":{"start":{"line":15,"column":4},"end":{"line":15,"column":null}},"type":"binary-expr","locations":[{"start":{"line":15,"column":4},"end":{"line":15,"column":13}},{"start":{"line":15,"column":13},"end":{"line":15,"column":null}}],"line":15},"3":{"loc":{"start":{"line":21,"column":56},"end":{"line":21,"column":74}},"type":"binary-expr","locations":[{"start":{"line":21,"column":56},"end":{"line":21,"column":68}},{"start":{"line":21,"column":68},"end":{"line":21,"column":74}}],"line":21},"4":{"loc":{"start":{"line":21,"column":85},"end":{"line":21,"column":105}},"type":"binary-expr","locations":[{"start":{"line":21,"column":85},"end":{"line":21,"column":93}},{"start":{"line":21,"column":93},"end":{"line":21,"column":105}}],"line":21},"5":{"loc":{"start":{"line":22,"column":7},"end":{"line":22,"column":null}},"type":"binary-expr","locations":[{"start":{"line":22,"column":7},"end":{"line":22,"column":15}},{"start":{"line":22,"column":15},"end":{"line":22,"column":null}}],"line":22}},"s":{"0":1217,"1":1217,"2":1011},"f":{"0":1217,"1":1011},"b":{"0":[1217],"1":[1217,506],"2":[1217,485],"3":[1217,920],"4":[1217,1196],"5":[1217,21]},"meta":{"lastBranch":6,"lastFunction":2,"lastStatement":3,"seen":{"f:11:16:11:23":0,"b:11:35:11:46":0,"s:12:18:19:Infinity":0,"b:14:4:14:29:14:29:14:Infinity":1,"b:15:4:15:13:15:13:15:Infinity":2,"s:20:2:24:Infinity":1,"b:21:56:21:68:21:68:21:74":3,"b:21:85:21:93:21:93:21:105":4,"b:22:7:22:15:22:15:22:Infinity":5,"f:33:16:33:27":1,"s:34:2:43:Infinity":2},"fnNames":{}}}
,"/Users/maxime/Downloads/genpass/src/components/ui/Dialog.tsx": {"path":"/Users/maxime/Downloads/genpass/src/components/ui/Dialog.tsx","statementMap":{"0":{"start":{"line":13,"column":8},"end":{"line":13,"column":null}},"1":{"start":{"line":15,"column":2},"end":{"line":20,"column":null}},"2":{"start":{"line":16,"column":19},"end":{"line":16,"column":null}},"3":{"start":{"line":17,"column":4},"end":{"line":17,"column":null}},"4":{"start":{"line":17,"column":17},"end":{"line":17,"column":null}},"5":{"start":{"line":18,"column":4},"end":{"line":18,"column":null}},"6":{"start":{"line":18,"column":30},"end":{"line":18,"column":null}},"7":{"start":{"line":19,"column":4},"end":{"line":19,"column":null}},"8":{"start":{"line":19,"column":30},"end":{"line":19,"column":null}},"9":{"start":{"line":22,"column":2},"end":{"line":22,"column":null}},"10":{"start":{"line":22,"column":13},"end":{"line":22,"column":null}},"11":{"start":{"line":24,"column":2},"end":{"line":37,"column":null}},"12":{"start":{"line":32,"column":8},"end":{"line":32,"column":null}},"13":{"start":{"line":32,"column":38},"end":{"line":32,"column":null}}},"fnMap":{"0":{"name":"Dialog","decl":{"start":{"line":12,"column":16},"end":{"line":12,"column":23}},"loc":{"start":{"line":12,"column":72},"end":{"line":39,"column":null}},"line":12},"1":{"name":"(anonymous_1)","decl":{"start":{"line":15,"column":12},"end":{"line":15,"column":18}},"loc":{"start":{"line":15,"column":18},"end":{"line":20,"column":5}},"line":15},"2":{"name":"(anonymous_2)","decl":{"start":{"line":30,"column":15},"end":{"line":30,"column":16}},"loc":{"start":{"line":30,"column":22},"end":{"line":33,"column":null}},"line":30}},"branchMap":{"0":{"loc":{"start":{"line":17,"column":4},"end":{"line":17,"column":null}},"type":"if","locations":[{"start":{"line":17,"column":4},"end":{"line":17,"column":null}},{"start":{},"end":{}}],"line":17},"1":{"loc":{"start":{"line":18,"column":4},"end":{"line":18,"column":null}},"type":"if","locations":[{"start":{"line":18,"column":4},"end":{"line":18,"column":null}},{"start":{},"end":{}}],"line":18},"2":{"loc":{"start":{"line":18,"column":8},"end":{"line":18,"column":30}},"type":"binary-expr","locations":[{"start":{"line":18,"column":8},"end":{"line":18,"column":16}},{"start":{"line":18,"column":16},"end":{"line":18,"column":30}}],"line":18},"3":{"loc":{"start":{"line":19,"column":4},"end":{"line":19,"column":null}},"type":"if","locations":[{"start":{"line":19,"column":4},"end":{"line":19,"column":null}},{"start":{},"end":{}}],"line":19},"4":{"loc":{"start":{"line":19,"column":8},"end":{"line":19,"column":30}},"type":"binary-expr","locations":[{"start":{"line":19,"column":8},"end":{"line":19,"column":17}},{"start":{"line":19,"column":17},"end":{"line":19,"column":30}}],"line":19},"5":{"loc":{"start":{"line":22,"column":2},"end":{"line":22,"column":null}},"type":"if","locations":[{"start":{"line":22,"column":2},"end":{"line":22,"column":null}},{"start":{},"end":{}}],"line":22},"6":{"loc":{"start":{"line":32,"column":8},"end":{"line":32,"column":null}},"type":"if","locations":[{"start":{"line":32,"column":8},"end":{"line":32,"column":null}},{"start":{},"end":{}}],"line":32}},"s":{"0":330,"1":330,"2":50,"3":50,"4":38,"5":12,"6":12,"7":12,"8":0,"9":330,"10":171,"11":159,"12":33,"13":1},"f":{"0":330,"1":50,"2":33},"b":{"0":[38,12],"1":[12,0],"2":[12,12],"3":[0,12],"4":[12,0],"5":[171,159],"6":[1,32]},"meta":{"lastBranch":7,"lastFunction":3,"lastStatement":14,"seen":{"f:12:16:12:23":0,"s:13:8:13:Infinity":0,"s:15:2:20:Infinity":1,"f:15:12:15:18":1,"s:16:19:16:Infinity":2,"b:17:4:17:Infinity:undefined:undefined:undefined:undefined":0,"s:17:4:17:Infinity":3,"s:17:17:17:Infinity":4,"b:18:4:18:Infinity:undefined:undefined:undefined:undefined":1,"s:18:4:18:Infinity":5,"b:18:8:18:16:18:16:18:30":2,"s:18:30:18:Infinity":6,"b:19:4:19:Infinity:undefined:undefined:undefined:undefined":3,"s:19:4:19:Infinity":7,"b:19:8:19:17:19:17:19:30":4,"s:19:30:19:Infinity":8,"b:22:2:22:Infinity:undefined:undefined:undefined:undefined":5,"s:22:2:22:Infinity":9,"s:22:13:22:Infinity":10,"s:24:2:37:Infinity":11,"f:30:15:30:16":2,"b:32:8:32:Infinity:undefined:undefined:undefined:undefined":6,"s:32:8:32:Infinity":12,"s:32:38:32:Infinity":13},"fnNames":{}}}
,"/Users/maxime/Downloads/genpass/src/components/ui/EmptyState.tsx": {"path":"/Users/maxime/Downloads/genpass/src/components/ui/EmptyState.tsx","statementMap":{"0":{"start":{"line":4,"column":2},"end":{"line":8,"column":null}}},"fnMap":{"0":{"name":"EmptyState","decl":{"start":{"line":3,"column":16},"end":{"line":3,"column":27}},"loc":{"start":{"line":3,"column":89},"end":{"line":10,"column":null}},"line":3}},"branchMap":{"0":{"loc":{"start":{"line":7,"column":7},"end":{"line":7,"column":null}},"type":"binary-expr","locations":[{"start":{"line":7,"column":7},"end":{"line":7,"column":19}},{"start":{"line":7,"column":19},"end":{"line":7,"column":null}}],"line":7}},"s":{"0":16},"f":{"0":16},"b":{"0":[16,16]},"meta":{"lastBranch":1,"lastFunction":1,"lastStatement":1,"seen":{"f:3:16:3:27":0,"s:4:2:8:Infinity":0,"b:7:7:7:19:7:19:7:Infinity":0},"fnNames":{}}}
,"/Users/maxime/Downloads/genpass/src/components/ui/InlineWarning.tsx": {"path":"/Users/maxime/Downloads/genpass/src/components/ui/InlineWarning.tsx","statementMap":{"0":{"start":{"line":4,"column":2},"end":{"line":7,"column":null}}},"fnMap":{"0":{"name":"InlineWarning","decl":{"start":{"line":3,"column":16},"end":{"line":3,"column":30}},"loc":{"start":{"line":3,"column":95},"end":{"line":9,"column":null}},"line":3}},"branchMap":{"0":{"loc":{"start":{"line":5,"column":18},"end":{"line":5,"column":87}},"type":"cond-expr","locations":[{"start":{"line":5,"column":27},"end":{"line":5,"column":69}},{"start":{"line":5,"column":69},"end":{"line":5,"column":87}}],"line":5}},"s":{"0":338},"f":{"0":338},"b":{"0":[45,293]},"meta":{"lastBranch":1,"lastFunction":1,"lastStatement":1,"seen":{"f:3:16:3:30":0,"s:4:2:7:Infinity":0,"b:5:27:5:69:5:69:5:87":0},"fnNames":{}}}
,"/Users/maxime/Downloads/genpass/src/components/ui/Segmented.tsx": {"path":"/Users/maxime/Downloads/genpass/src/components/ui/Segmented.tsx","statementMap":{"0":{"start":{"line":10,"column":2},"end":{"line":24,"column":null}},"1":{"start":{"line":13,"column":8},"end":{"line":22,"column":null}},"2":{"start":{"line":19,"column":25},"end":{"line":19,"column":null}}},"fnMap":{"0":{"name":"Segmented","decl":{"start":{"line":9,"column":16},"end":{"line":9,"column":53}},"loc":{"start":{"line":9,"column":109},"end":{"line":26,"column":null}},"line":9},"1":{"name":"(anonymous_1)","decl":{"start":{"line":12,"column":19},"end":{"line":12,"column":20}},"loc":{"start":{"line":13,"column":8},"end":{"line":22,"column":null}},"line":13},"2":{"name":"(anonymous_2)","decl":{"start":{"line":19,"column":19},"end":{"line":19,"column":25}},"loc":{"start":{"line":19,"column":25},"end":{"line":19,"column":null}},"line":19}},"branchMap":{},"s":{"0":232,"1":478,"2":8},"f":{"0":232,"1":478,"2":8},"b":{},"meta":{"lastBranch":0,"lastFunction":3,"lastStatement":3,"seen":{"f:9:16:9:53":0,"s:10:2:24:Infinity":0,"f:12:19:12:20":1,"s:13:8:22:Infinity":1,"f:19:19:19:25":2,"s:19:25:19:Infinity":2},"fnNames":{}}}
,"/Users/maxime/Downloads/genpass/src/components/ui/Select.tsx": {"path":"/Users/maxime/Downloads/genpass/src/components/ui/Select.tsx","statementMap":{"0":{"start":{"line":10,"column":8},"end":{"line":10,"column":null}},"1":{"start":{"line":11,"column":17},"end":{"line":11,"column":null}},"2":{"start":{"line":12,"column":2},"end":{"line":27,"column":null}}},"fnMap":{"0":{"name":"Select","decl":{"start":{"line":9,"column":16},"end":{"line":9,"column":23}},"loc":{"start":{"line":9,"column":72},"end":{"line":29,"column":null}},"line":9}},"branchMap":{"0":{"loc":{"start":{"line":18,"column":42},"end":{"line":18,"column":70}},"type":"cond-expr","locations":[{"start":{"line":18,"column":49},"end":{"line":18,"column":58}},{"start":{"line":18,"column":58},"end":{"line":18,"column":70}}],"line":18},"1":{"loc":{"start":{"line":22,"column":7},"end":{"line":25,"column":null}},"type":"binary-expr","locations":[{"start":{"line":22,"column":7},"end":{"line":22,"column":null}},{"start":{"line":23,"column":8},"end":{"line":25,"column":null}}],"line":22}},"s":{"0":54,"1":54,"2":54},"f":{"0":54},"b":{"0":[14,40],"1":[54,14]},"meta":{"lastBranch":2,"lastFunction":1,"lastStatement":3,"seen":{"f:9:16:9:23":0,"s:10:8:10:Infinity":0,"s:11:17:11:Infinity":1,"s:12:2:27:Infinity":2,"b:18:49:18:58:18:58:18:70":0,"b:22:7:22:Infinity:23:8:25:Infinity":1},"fnNames":{}}}
,"/Users/maxime/Downloads/genpass/src/components/ui/Slider.tsx": {"path":"/Users/maxime/Downloads/genpass/src/components/ui/Slider.tsx","statementMap":{"0":{"start":{"line":14,"column":8},"end":{"line":14,"column":null}},"1":{"start":{"line":15,"column":2},"end":{"line":31,"column":null}},"2":{"start":{"line":29,"column":25},"end":{"line":29,"column":null}}},"fnMap":{"0":{"name":"Slider","decl":{"start":{"line":13,"column":16},"end":{"line":13,"column":23}},"loc":{"start":{"line":13,"column":82},"end":{"line":33,"column":null}},"line":13},"1":{"name":"(anonymous_1)","decl":{"start":{"line":29,"column":18},"end":{"line":29,"column":19}},"loc":{"start":{"line":29,"column":25},"end":{"line":29,"column":null}},"line":29}},"branchMap":{"0":{"loc":{"start":{"line":20,"column":11},"end":{"line":20,"column":null}},"type":"cond-expr","locations":[{"start":{"line":20,"column":20},"end":{"line":20,"column":36}},{"start":{"line":20,"column":36},"end":{"line":20,"column":null}}],"line":20}},"s":{"0":99,"1":99,"2":3},"f":{"0":99,"1":3},"b":{"0":[99,0]},"meta":{"lastBranch":1,"lastFunction":2,"lastStatement":3,"seen":{"f:13:16:13:23":0,"s:14:8:14:Infinity":0,"s:15:2:31:Infinity":1,"b:20:20:20:36:20:36:20:Infinity":0,"f:29:18:29:19":1,"s:29:25:29:Infinity":2},"fnNames":{}}}
,"/Users/maxime/Downloads/genpass/src/components/ui/TextInput.tsx": {"path":"/Users/maxime/Downloads/genpass/src/components/ui/TextInput.tsx","statementMap":{"0":{"start":{"line":12,"column":8},"end":{"line":12,"column":null}},"1":{"start":{"line":13,"column":17},"end":{"line":13,"column":null}},"2":{"start":{"line":14,"column":18},"end":{"line":14,"column":null}},"3":{"start":{"line":15,"column":2},"end":{"line":33,"column":null}},"4":{"start":{"line":44,"column":8},"end":{"line":44,"column":null}},"5":{"start":{"line":45,"column":30},"end":{"line":45,"column":null}},"6":{"start":{"line":46,"column":17},"end":{"line":46,"column":null}},"7":{"start":{"line":47,"column":18},"end":{"line":47,"column":null}},"8":{"start":{"line":48,"column":2},"end":{"line":82,"column":null}},"9":{"start":{"line":67,"column":90},"end":{"line":67,"column":null}},"10":{"start":{"line":67,"column":109},"end":{"line":67,"column":111}}},"fnMap":{"0":{"name":"TextInput","decl":{"start":{"line":11,"column":16},"end":{"line":11,"column":26}},"loc":{"start":{"line":11,"column":75},"end":{"line":35,"column":null}},"line":11},"1":{"name":"PasswordInput","decl":{"start":{"line":43,"column":16},"end":{"line":43,"column":30}},"loc":{"start":{"line":43,"column":100},"end":{"line":84,"column":null}},"line":43},"2":{"name":"(anonymous_2)","decl":{"start":{"line":67,"column":84},"end":{"line":67,"column":90}},"loc":{"start":{"line":67,"column":90},"end":{"line":67,"column":null}},"line":67},"3":{"name":"(anonymous_3)","decl":{"start":{"line":67,"column":102},"end":{"line":67,"column":103}},"loc":{"start":{"line":67,"column":109},"end":{"line":67,"column":111}},"line":67}},"branchMap":{"0":{"loc":{"start":{"line":16,"column":30},"end":{"line":16,"column":55}},"type":"binary-expr","locations":[{"start":{"line":16,"column":30},"end":{"line":16,"column":39}},{"start":{"line":16,"column":39},"end":{"line":16,"column":55}}],"line":16},"1":{"loc":{"start":{"line":21,"column":41},"end":{"line":21,"column":86}},"type":"cond-expr","locations":[{"start":{"line":21,"column":49},"end":{"line":21,"column":59}},{"start":{"line":21,"column":59},"end":{"line":21,"column":86}}],"line":21},"2":{"loc":{"start":{"line":21,"column":59},"end":{"line":21,"column":86}},"type":"cond-expr","locations":[{"start":{"line":21,"column":66},"end":{"line":21,"column":75}},{"start":{"line":21,"column":75},"end":{"line":21,"column":86}}],"line":21},"3":{"loc":{"start":{"line":21,"column":100},"end":{"line":21,"column":127}},"type":"cond-expr","locations":[{"start":{"line":21,"column":108},"end":{"line":21,"column":115}},{"start":{"line":21,"column":115},"end":{"line":21,"column":127}}],"line":21},"4":{"loc":{"start":{"line":23,"column":7},"end":{"line":26,"column":null}},"type":"binary-expr","locations":[{"start":{"line":23,"column":7},"end":{"line":23,"column":15}},{"start":{"line":23,"column":15},"end":{"line":23,"column":null}},{"start":{"line":24,"column":8},"end":{"line":26,"column":null}}],"line":23},"5":{"loc":{"start":{"line":28,"column":7},"end":{"line":31,"column":null}},"type":"binary-expr","locations":[{"start":{"line":28,"column":7},"end":{"line":28,"column":null}},{"start":{"line":29,"column":8},"end":{"line":31,"column":null}}],"line":28},"6":{"loc":{"start":{"line":49,"column":30},"end":{"line":49,"column":55}},"type":"binary-expr","locations":[{"start":{"line":49,"column":30},"end":{"line":49,"column":39}},{"start":{"line":49,"column":39},"end":{"line":49,"column":55}}],"line":49},"7":{"loc":{"start":{"line":56,"column":16},"end":{"line":56,"column":null}},"type":"cond-expr","locations":[{"start":{"line":56,"column":27},"end":{"line":56,"column":36}},{"start":{"line":56,"column":36},"end":{"line":56,"column":null}}],"line":56},"8":{"loc":{"start":{"line":62,"column":28},"end":{"line":62,"column":null}},"type":"cond-expr","locations":[{"start":{"line":62,"column":36},"end":{"line":62,"column":46}},{"start":{"line":62,"column":46},"end":{"line":62,"column":null}}],"line":62},"9":{"loc":{"start":{"line":62,"column":46},"end":{"line":62,"column":null}},"type":"cond-expr","locations":[{"start":{"line":62,"column":53},"end":{"line":62,"column":62}},{"start":{"line":62,"column":62},"end":{"line":62,"column":null}}],"line":62},"10":{"loc":{"start":{"line":63,"column":24},"end":{"line":63,"column":null}},"type":"cond-expr","locations":[{"start":{"line":63,"column":32},"end":{"line":63,"column":39}},{"start":{"line":63,"column":39},"end":{"line":63,"column":null}}],"line":63},"11":{"loc":{"start":{"line":67,"column":29},"end":{"line":67,"column":75}},"type":"cond-expr","locations":[{"start":{"line":67,"column":40},"end":{"line":67,"column":58}},{"start":{"line":67,"column":58},"end":{"line":67,"column":75}}],"line":67},"12":{"loc":{"start":{"line":68,"column":13},"end":{"line":68,"column":null}},"type":"cond-expr","locations":[{"start":{"line":68,"column":24},"end":{"line":68,"column":41}},{"start":{"line":68,"column":41},"end":{"line":68,"column":null}}],"line":68},"13":{"loc":{"start":{"line":72,"column":7},"end":{"line":75,"column":null}},"type":"binary-expr","locations":[{"start":{"line":72,"column":7},"end":{"line":72,"column":15}},{"start":{"line":72,"column":15},"end":{"line":72,"column":null}},{"start":{"line":73,"column":8},"end":{"line":75,"column":null}}],"line":72},"14":{"loc":{"start":{"line":77,"column":7},"end":{"line":80,"column":null}},"type":"binary-expr","locations":[{"start":{"line":77,"column":7},"end":{"line":77,"column":null}},{"start":{"line":78,"column":8},"end":{"line":80,"column":null}}],"line":77}},"s":{"0":150,"1":150,"2":150,"3":150,"4":900,"5":900,"6":900,"7":900,"8":900,"9":0,"10":0},"f":{"0":150,"1":900,"2":0,"3":0},"b":{"0":[150,1],"1":[1,149],"2":[73,76],"3":[1,149],"4":[150,73,73],"5":[150,1],"6":[900,62],"7":[0,900],"8":[62,838],"9":[376,462],"10":[62,838],"11":[0,900],"12":[0,900],"13":[900,383,376],"14":[900,62]},"meta":{"lastBranch":15,"lastFunction":4,"lastStatement":11,"seen":{"f:11:16:11:26":0,"s:12:8:12:Infinity":0,"s:13:17:13:Infinity":1,"s:14:18:14:Infinity":2,"s:15:2:33:Infinity":3,"b:16:30:16:39:16:39:16:55":0,"b:21:49:21:59:21:59:21:86":1,"b:21:66:21:75:21:75:21:86":2,"b:21:108:21:115:21:115:21:127":3,"b:23:7:23:15:23:15:23:Infinity:24:8:26:Infinity":4,"b:28:7:28:Infinity:29:8:31:Infinity":5,"f:43:16:43:30":1,"s:44:8:44:Infinity":4,"s:45:30:45:Infinity":5,"s:46:17:46:Infinity":6,"s:47:18:47:Infinity":7,"s:48:2:82:Infinity":8,"b:49:30:49:39:49:39:49:55":6,"b:56:27:56:36:56:36:56:Infinity":7,"b:62:36:62:46:62:46:62:Infinity":8,"b:62:53:62:62:62:62:62:Infinity":9,"b:63:32:63:39:63:39:63:Infinity":10,"b:67:40:67:58:67:58:67:75":11,"f:67:84:67:90":2,"s:67:90:67:Infinity":9,"f:67:102:67:103":3,"s:67:109:67:111":10,"b:68:24:68:41:68:41:68:Infinity":12,"b:72:7:72:15:72:15:72:Infinity:73:8:75:Infinity":13,"b:77:7:77:Infinity:78:8:80:Infinity":14},"fnNames":{}}}
,"/Users/maxime/Downloads/genpass/src/components/ui/Toggle.tsx": {"path":"/Users/maxime/Downloads/genpass/src/components/ui/Toggle.tsx","statementMap":{"0":{"start":{"line":11,"column":2},"end":{"line":24,"column":null}},"1":{"start":{"line":18,"column":21},"end":{"line":18,"column":null}}},"fnMap":{"0":{"name":"Toggle","decl":{"start":{"line":10,"column":16},"end":{"line":10,"column":23}},"loc":{"start":{"line":10,"column":79},"end":{"line":26,"column":null}},"line":10},"1":{"name":"(anonymous_1)","decl":{"start":{"line":18,"column":15},"end":{"line":18,"column":21}},"loc":{"start":{"line":18,"column":21},"end":{"line":18,"column":null}},"line":18}},"branchMap":{},"s":{"0":417,"1":7},"f":{"0":417,"1":7},"b":{},"meta":{"lastBranch":0,"lastFunction":2,"lastStatement":2,"seen":{"f:10:16:10:23":0,"s:11:2:24:Infinity":0,"f:18:15:18:21":1,"s:18:21:18:Infinity":1},"fnNames":{}}}
,"/Users/maxime/Downloads/genpass/src/components/ui/icons.tsx": {"path":"/Users/maxime/Downloads/genpass/src/components/ui/icons.tsx","statementMap":{"0":{"start":{"line":9,"column":2},"end":{"line":22,"column":null}},"1":{"start":{"line":27,"column":2},"end":{"line":31,"column":null}},"2":{"start":{"line":36,"column":2},"end":{"line":39,"column":null}},"3":{"start":{"line":44,"column":2},"end":{"line":48,"column":null}},"4":{"start":{"line":53,"column":2},"end":{"line":57,"column":null}},"5":{"start":{"line":62,"column":2},"end":{"line":68,"column":null}},"6":{"start":{"line":73,"column":2},"end":{"line":79,"column":null}},"7":{"start":{"line":84,"column":2},"end":{"line":88,"column":null}},"8":{"start":{"line":93,"column":2},"end":{"line":97,"column":null}},"9":{"start":{"line":102,"column":2},"end":{"line":105,"column":null}},"10":{"start":{"line":110,"column":2},"end":{"line":115,"column":null}},"11":{"start":{"line":120,"column":2},"end":{"line":125,"column":null}},"12":{"start":{"line":130,"column":2},"end":{"line":135,"column":null}},"13":{"start":{"line":140,"column":2},"end":{"line":146,"column":null}},"14":{"start":{"line":151,"column":2},"end":{"line":157,"column":null}},"15":{"start":{"line":162,"column":2},"end":{"line":168,"column":null}},"16":{"start":{"line":174,"column":2},"end":{"line":179,"column":null}}},"fnMap":{"0":{"name":"Svg","decl":{"start":{"line":8,"column":9},"end":{"line":8,"column":13}},"loc":{"start":{"line":8,"column":81},"end":{"line":24,"column":null}},"line":8},"1":{"name":"CopyIcon","decl":{"start":{"line":26,"column":16},"end":{"line":26,"column":25}},"loc":{"start":{"line":26,"column":43},"end":{"line":33,"column":null}},"line":26},"2":{"name":"CheckIcon","decl":{"start":{"line":35,"column":16},"end":{"line":35,"column":26}},"loc":{"start":{"line":35,"column":44},"end":{"line":41,"column":null}},"line":35},"3":{"name":"RefreshIcon","decl":{"start":{"line":43,"column":16},"end":{"line":43,"column":28}},"loc":{"start":{"line":43,"column":46},"end":{"line":50,"column":null}},"line":43},"4":{"name":"EyeIcon","decl":{"start":{"line":52,"column":16},"end":{"line":52,"column":24}},"loc":{"start":{"line":52,"column":42},"end":{"line":59,"column":null}},"line":52},"5":{"name":"EyeOffIcon","decl":{"start":{"line":61,"column":16},"end":{"line":61,"column":27}},"loc":{"start":{"line":61,"column":45},"end":{"line":70,"column":null}},"line":61},"6":{"name":"TrashIcon","decl":{"start":{"line":72,"column":16},"end":{"line":72,"column":26}},"loc":{"start":{"line":72,"column":44},"end":{"line":81,"column":null}},"line":72},"7":{"name":"LockIcon","decl":{"start":{"line":83,"column":16},"end":{"line":83,"column":25}},"loc":{"start":{"line":83,"column":43},"end":{"line":90,"column":null}},"line":83},"8":{"name":"UnlockIcon","decl":{"start":{"line":92,"column":16},"end":{"line":92,"column":27}},"loc":{"start":{"line":92,"column":45},"end":{"line":99,"column":null}},"line":92},"9":{"name":"PlusIcon","decl":{"start":{"line":101,"column":16},"end":{"line":101,"column":25}},"loc":{"start":{"line":101,"column":43},"end":{"line":107,"column":null}},"line":101},"10":{"name":"SaveIcon","decl":{"start":{"line":109,"column":16},"end":{"line":109,"column":25}},"loc":{"start":{"line":109,"column":43},"end":{"line":117,"column":null}},"line":109},"11":{"name":"DownloadIcon","decl":{"start":{"line":119,"column":16},"end":{"line":119,"column":29}},"loc":{"start":{"line":119,"column":47},"end":{"line":127,"column":null}},"line":119},"12":{"name":"UploadIcon","decl":{"start":{"line":129,"column":16},"end":{"line":129,"column":27}},"loc":{"start":{"line":129,"column":45},"end":{"line":137,"column":null}},"line":129},"13":{"name":"ShareIcon","decl":{"start":{"line":139,"column":16},"end":{"line":139,"column":26}},"loc":{"start":{"line":139,"column":44},"end":{"line":148,"column":null}},"line":139},"14":{"name":"QrIcon","decl":{"start":{"line":150,"column":16},"end":{"line":150,"column":23}},"loc":{"start":{"line":150,"column":41},"end":{"line":159,"column":null}},"line":150},"15":{"name":"KeyIcon","decl":{"start":{"line":161,"column":16},"end":{"line":161,"column":24}},"loc":{"start":{"line":161,"column":42},"end":{"line":170,"column":null}},"line":161},"16":{"name":"KeyholeIcon","decl":{"start":{"line":173,"column":16},"end":{"line":173,"column":28}},"loc":{"start":{"line":173,"column":54},"end":{"line":181,"column":null}},"line":173}},"branchMap":{"0":{"loc":{"start":{"line":8,"column":25},"end":{"line":8,"column":35}},"type":"default-arg","locations":[{"start":{"line":8,"column":32},"end":{"line":8,"column":35}}],"line":8},"1":{"loc":{"start":{"line":173,"column":30},"end":{"line":173,"column":40}},"type":"default-arg","locations":[{"start":{"line":173,"column":37},"end":{"line":173,"column":40}}],"line":173}},"s":{"0":1560,"1":79,"2":2,"3":71,"4":913,"5":1,"6":14,"7":23,"8":53,"9":0,"10":1,"11":134,"12":134,"13":1,"14":0,"15":134,"16":6},"f":{"0":1560,"1":79,"2":2,"3":71,"4":913,"5":1,"6":14,"7":23,"8":53,"9":0,"10":1,"11":134,"12":134,"13":1,"14":0,"15":134,"16":6},"b":{"0":[1560],"1":[6]},"meta":{"lastBranch":2,"lastFunction":17,"lastStatement":17,"seen":{"f:8:9:8:13":0,"b:8:32:8:35":0,"s:9:2:22:Infinity":0,"f:26:16:26:25":1,"s:27:2:31:Infinity":1,"f:35:16:35:26":2,"s:36:2:39:Infinity":2,"f:43:16:43:28":3,"s:44:2:48:Infinity":3,"f:52:16:52:24":4,"s:53:2:57:Infinity":4,"f:61:16:61:27":5,"s:62:2:68:Infinity":5,"f:72:16:72:26":6,"s:73:2:79:Infinity":6,"f:83:16:83:25":7,"s:84:2:88:Infinity":7,"f:92:16:92:27":8,"s:93:2:97:Infinity":8,"f:101:16:101:25":9,"s:102:2:105:Infinity":9,"f:109:16:109:25":10,"s:110:2:115:Infinity":10,"f:119:16:119:29":11,"s:120:2:125:Infinity":11,"f:129:16:129:27":12,"s:130:2:135:Infinity":12,"f:139:16:139:26":13,"s:140:2:146:Infinity":13,"f:150:16:150:23":14,"s:151:2:157:Infinity":14,"f:161:16:161:24":15,"s:162:2:168:Infinity":15,"f:173:16:173:28":16,"b:173:37:173:40":1,"s:174:2:179:Infinity":16},"fnNames":{}}}
[...]
"line":25,"column":5}},"line":21},"2":{"name":"(anonymous_2)","decl":{"start":{"line":23,"column":14},"end":{"line":23,"column":15}},"loc":{"start":{"line":23,"column":24},"end":{"line":23,"column":56}},"line":23},"3":{"name":"(anonymous_3)","decl":{"start":{"line":24,"column":15},"end":{"line":24,"column":21}},"loc":{"start":{"line":24,"column":21},"end":{"line":24,"column":75}},"line":24},"4":{"name":"(anonymous_4)","decl":{"start":{"line":24,"column":31},"end":{"line":24,"column":32}},"loc":{"start":{"line":24,"column":41},"end":{"line":24,"column":72}},"line":24},"5":{"name":"(anonymous_5)","decl":{"start":{"line":24,"column":53},"end":{"line":24,"column":54}},"loc":{"start":{"line":24,"column":60},"end":{"line":24,"column":71}},"line":24},"6":{"name":"(anonymous_6)","decl":{"start":{"line":31,"column":20},"end":{"line":31,"column":21}},"loc":{"start":{"line":32,"column":10},"end":{"line":34,"column":null}},"line":32},"7":{"name":"useToasts","decl":{"start":{"line":41,"column":16},"end":{"line":41,"column":38}},"loc":{"start":{"line":41,"column":38},"end":{"line":45,"column":null}},"line":41}},"branchMap":{"0":{"loc":{"start":{"line":21,"column":46},"end":{"line":21,"column":79}},"type":"default-arg","locations":[{"start":{"line":21,"column":68},"end":{"line":21,"column":79}}],"line":21},"1":{"loc":{"start":{"line":32,"column":35},"end":{"line":32,"column":null}},"type":"cond-expr","locations":[{"start":{"line":32,"column":56},"end":{"line":32,"column":79}},{"start":{"line":32,"column":79},"end":{"line":32,"column":null}}],"line":32},"2":{"loc":{"start":{"line":43,"column":2},"end":{"line":43,"column":null}},"type":"if","locations":[{"start":{"line":43,"column":2},"end":{"line":43,"column":null}},{"start":{},"end":{}}],"line":43}},"s":{"0":8,"1":8,"2":48,"3":48,"4":48,"5":10,"6":10,"7":10,"8":10,"9":1,"10":1,"11":1,"12":48,"13":11,"14":319,"15":319,"16":0,"17":319},"f":{"0":48,"1":10,"2":10,"3":1,"4":1,"5":1,"6":11,"7":319},"b":{"0":[10],"1":[1,10],"2":[0,319]},"meta":{"lastBranch":3,"lastFunction":8,"lastStatement":18,"seen":{"s:13:6:13:Infinity":0,"s:15:26:15:Infinity":1,"f:17:16:17:30":0,"s:18:26:18:Infinity":2,"s:19:8:19:Infinity":3,"s:21:8:25:Infinity":4,"f:21:28:21:29":1,"b:21:68:21:79":0,"s:22:15:22:Infinity":5,"s:23:4:23:Infinity":6,"f:23:14:23:15":2,"s:23:24:23:56":7,"s:24:4:24:Infinity":8,"f:24:15:24:21":3,"s:24:21:24:75":9,"f:24:31:24:32":4,"s:24:41:24:72":10,"f:24:53:24:54":5,"s:24:60:24:71":11,"s:27:2:37:Infinity":12,"f:31:20:31:21":6,"s:32:10:34:Infinity":13,"b:32:56:32:79:32:79:32:Infinity":1,"f:41:16:41:38":7,"s:42:8:42:Infinity":14,"b:43:2:43:Infinity:undefined:undefined:undefined:undefined":2,"s:43:2:43:Infinity":15,"s:43:12:43:Infinity":16,"s:44:2:44:Infinity":17},"fnNames":{}}}
,"/Users/maxime/Downloads/genpass/src/state/vaultReducer.ts": {"path":"/Users/maxime/Downloads/genpass/src/state/vaultReducer.ts","statementMap":{"0":{"start":{"line":23,"column":2},"end":{"line":23,"column":null}},"1":{"start":{"line":27,"column":2},"end":{"line":47,"column":null}},"2":{"start":{"line":29,"column":6},"end":{"line":29,"column":null}},"3":{"start":{"line":29,"column":38},"end":{"line":29,"column":null}},"4":{"start":{"line":30,"column":6},"end":{"line":30,"column":null}},"5":{"start":{"line":32,"column":6},"end":{"line":32,"column":null}},"6":{"start":{"line":32,"column":44},"end":{"line":32,"column":null}},"7":{"start":{"line":33,"column":6},"end":{"line":33,"column":null}},"8":{"start":{"line":35,"column":6},"end":{"line":35,"column":null}},"9":{"start":{"line":35,"column":37},"end":{"line":35,"column":null}},"10":{"start":{"line":36,"column":6},"end":{"line":36,"column":null}},"11":{"start":{"line":38,"column":6},"end":{"line":38,"column":null}},"12":{"start":{"line":38,"column":39},"end":{"line":38,"column":null}},"13":{"start":{"line":39,"column":6},"end":{"line":39,"column":null}},"14":{"start":{"line":41,"column":6},"end":{"line":41,"column":null}},"15":{"start":{"line":41,"column":39},"end":{"line":41,"column":null}},"16":{"start":{"line":42,"column":6},"end":{"line":42,"column":null}},"17":{"start":{"line":45,"column":6},"end":{"line":45,"column":null}},"18":{"start":{"line":45,"column":38},"end":{"line":45,"column":null}},"19":{"start":{"line":46,"column":6},"end":{"line":46,"column":null}},"20":{"start":{"line":51,"column":16},"end":{"line":51,"column":null}},"21":{"start":{"line":51,"column":41},"end":{"line":51,"column":58}},"22":{"start":{"line":52,"column":2},"end":{"line":52,"column":null}},"23":{"start":{"line":52,"column":20},"end":{"line":52,"column":null}},"24":{"start":{"line":53,"column":15},"end":{"line":53,"column":null}},"25":{"start":{"line":54,"column":2},"end":{"line":54,"column":null}},"26":{"start":{"line":55,"column":2},"end":{"line":55,"column":null}},"27":{"start":{"line":59,"column":2},"end":{"line":59,"column":null}},"28":{"start":{"line":59,"column":31},"end":{"line":59,"column":42}}},"fnMap":{"0":{"name":"invalid","decl":{"start":{"line":22,"column":9},"end":{"line":22,"column":17}},"loc":{"start":{"line":22,"column":64},"end":{"line":24,"column":null}},"line":22},"1":{"name":"vaultReducer","decl":{"start":{"line":26,"column":16},"end":{"line":26,"column":29}},"loc":{"start":{"line":26,"column":81},"end":{"line":48,"column":null}},"line":26},"2":{"name":"upsertEntry","decl":{"start":{"line":50,"column":16},"end":{"line":50,"column":28}},"loc":{"start":{"line":50,"column":93},"end":{"line":56,"column":null}},"line":50},"3":{"name":"(anonymous_3)","decl":{"start":{"line":51,"column":34},"end":{"line":51,"column":35}},"loc":{"start":{"line":51,"column":41},"end":{"line":51,"column":58}},"line":51},"4":{"name":"removeEntry","decl":{"start":{"line":58,"column":16},"end":{"line":58,"column":28}},"loc":{"start":{"line":58,"column":86},"end":{"line":60,"column":null}},"line":58},"5":{"name":"(anonymous_5)","decl":{"start":{"line":59,"column":24},"end":{"line":59,"column":25}},"loc":{"start":{"line":59,"column":31},"end":{"line":59,"column":42}},"line":59}},"branchMap":{"0":{"loc":{"start":{"line":27,"column":2},"end":{"line":47,"column":null}},"type":"switch","locations":[{"start":{"line":28,"column":4},"end":{"line":30,"column":null}},{"start":{"line":31,"column":4},"end":{"line":33,"column":null}},{"start":{"line":34,"column":4},"end":{"line":36,"column":null}},{"start":{"line":37,"column":4},"end":{"line":39,"column":null}},{"start":{"line":40,"column":4},"end":{"line":42,"column":null}},{"start":{"line":43,"column":4},"end":{"line":46,"column":null}}],"line":27},"1":{"loc":{"start":{"line":29,"column":6},"end":{"line":29,"column":null}},"type":"if","locations":[{"start":{"line":29,"column":6},"end":{"line":29,"column":null}},{"start":{},"end":{}}],"line":29},"2":{"loc":{"start":{"line":30,"column":13},"end":{"line":30,"column":null}},"type":"cond-expr","locations":[{"start":{"line":30,"column":36},"end":{"line":30,"column":66}},{"start":{"line":30,"column":66},"end":{"line":30,"column":null}}],"line":30},"3":{"loc":{"start":{"line":32,"column":6},"end":{"line":32,"column":null}},"type":"if","locations":[{"start":{"line":32,"column":6},"end":{"line":32,"column":null}},{"start":{},"end":{}}],"line":32},"4":{"loc":{"start":{"line":35,"column":6},"end":{"line":35,"column":null}},"type":"if","locations":[{"start":{"line":35,"column":6},"end":{"line":35,"column":null}},{"start":{},"end":{}}],"line":35},"5":{"loc":{"start":{"line":38,"column":6},"end":{"line":38,"column":null}},"type":"if","locations":[{"start":{"line":38,"column":6},"end":{"line":38,"column":null}},{"start":{},"end":{}}],"line":38},"6":{"loc":{"start":{"line":41,"column":6},"end":{"line":41,"column":null}},"type":"if","locations":[{"start":{"line":41,"column":6},"end":{"line":41,"column":null}},{"start":{},"end":{}}],"line":41},"7":{"loc":{"start":{"line":45,"column":6},"end":{"line":45,"column":null}},"type":"if","locations":[{"start":{"line":45,"column":6},"end":{"line":45,"column":null}},{"start":{},"end":{}}],"line":45},"8":{"loc":{"start":{"line":52,"column":2},"end":{"line":52,"column":null}},"type":"if","locations":[{"start":{"line":52,"column":2},"end":{"line":52,"column":null}},{"start":{},"end":{}}],"line":52}},"s":{"0":5,"1":85,"2":26,"3":0,"4":26,"5":21,"6":1,"7":20,"8":6,"9":1,"10":5,"11":7,"12":1,"13":6,"14":19,"15":1,"16":18,"17":6,"18":1,"19":5,"20":14,"21":2,"22":14,"23":12,"24":2,"25":2,"26":2,"27":5,"28":6},"f":{"0":5,"1":85,"2":14,"3":2,"4":5,"5":6},"b":{"0":[26,21,6,7,19,6],"1":[0,26],"2":[24,2],"3":[1,20],"4":[1,5],"5":[1,6],"6":[1,18],"7":[1,5],"8":[12,2]},"meta":{"lastBranch":9,"lastFunction":6,"lastStatement":29,"seen":{"f:22:9:22:17":0,"s:23:2:23:Infinity":0,"f:26:16:26:29":1,"b:28:4:30:Infinity:31:4:33:Infinity:34:4:36:Infinity:37:4:39:Infinity:40:4:42:Infinity:43:4:46:Infinity":0,"s:27:2:47:Infinity":1,"b:29:6:29:Infinity:undefined:undefined:undefined:undefined":1,"s:29:6:29:Infinity":2,"s:29:38:29:Infinity":3,"s:30:6:30:Infinity":4,"b:30:36:30:66:30:66:30:Infinity":2,"b:32:6:32:Infinity:undefined:undefined:undefined:undefined":3,"s:32:6:32:Infinity":5,"s:32:44:32:Infinity":6,"s:33:6:33:Infinity":7,"b:35:6:35:Infinity:undefined:undefined:undefined:undefined":4,"s:35:6:35:Infinity":8,"s:35:37:35:Infinity":9,"s:36:6:36:Infinity":10,"b:38:6:38:Infinity:undefined:undefined:undefined:undefined":5,"s:38:6:38:Infinity":11,"s:38:39:38:Infinity":12,"s:39:6:39:Infinity":13,"b:41:6:41:Infinity:undefined:undefined:undefined:undefined":6,"s:41:6:41:Infinity":14,"s:41:39:41:Infinity":15,"s:42:6:42:Infinity":16,"b:45:6:45:Infinity:undefined:undefined:undefined:undefined":7,"s:45:6:45:Infinity":17,"s:45:38:45:Infinity":18,"s:46:6:46:Infinity":19,"f:50:16:50:28":2,"s:51:16:51:Infinity":20,"f:51:34:51:35":3,"s:51:41:51:58":21,"b:52:2:52:Infinity:undefined:undefined:undefined:undefined":8,"s:52:2:52:Infinity":22,"s:52:20:52:Infinity":23,"s:53:15:53:Infinity":24,"s:54:2:54:Infinity":25,"s:55:2:55:Infinity":26,"f:58:16:58:28":4,"s:59:2:59:Infinity":27,"f:59:24:59:25":5,"s:59:31:59:42":28},"fnNames":{}}}
,"/Users/maxime/Downloads/genpass/src/styles/generator.css": {"path":"/Users/maxime/Downloads/genpass/src/styles/generator.css","statementMap":{},"fnMap":{},"branchMap":{},"s":{},"f":{},"b":{},"meta":{"lastBranch":0,"lastFunction":0,"lastStatement":0,"seen":{},"fnNames":{}}}
,"/Users/maxime/Downloads/genpass/src/styles/share.css": {"path":"/Users/maxime/Downloads/genpass/src/styles/share.css","statementMap":{},"fnMap":{},"branchMap":{},"s":{},"f":{},"b":{},"meta":{"lastBranch":0,"lastFunction":0,"lastStatement":0,"seen":{},"fnNames":{}}}
,"/Users/maxime/Downloads/genpass/src/styles/vault.css": {"path":"/Users/maxime/Downloads/genpass/src/styles/vault.css","statementMap":{},"fnMap":{},"branchMap":{},"s":{},"f":{},"b":{},"meta":{"lastBranch":0,"lastFunction":0,"lastStatement":0,"seen":{},"fnNames":{}}}
,"/Users/maxime/Downloads/genpass/src/test/helpers.ts": {"path":"/Users/maxime/Downloads/genpass/src/test/helpers.ts","statementMap":{"0":{"start":{"line":4,"column":31},"end":{"line":4,"column":null}},"1":{"start":{"line":8,"column":14},"end":{"line":8,"column":null}},"2":{"start":{"line":9,"column":2},"end":{"line":18,"column":null}},"3":{"start":{"line":11,"column":6},"end":{"line":11,"column":null}},"4":{"start":{"line":13,"column":17},"end":{"line":13,"column":null}},"5":{"start":{"line":14,"column":30},"end":{"line":14,"column":null}},"6":{"start":{"line":15,"column":24},"end":{"line":15,"column":null}},"7":{"start":{"line":16,"column":33},"end":{"line":16,"column":null}},"8":{"start":{"line":17,"column":45},"end":{"line":17,"column":null}},"9":{"start":{"line":26,"column":13},"end":{"line":26,"column":null}},"10":{"start":{"line":27,"column":20},"end":{"line":27,"column":null}},"11":{"start":{"line":28,"column":14},"end":{"line":39,"column":null}},"12":{"start":{"line":30,"column":6},"end":{"line":30,"column":null}},"13":{"start":{"line":34,"column":80},"end":{"line":34,"column":null}},"14":{"start":{"line":35,"column":83},"end":{"line":35,"column":null}},"15":{"start":{"line":36,"column":60},"end":{"line":36,"column":null}},"16":{"start":{"line":37,"column":63},"end":{"line":37,"column":null}},"17":{"start":{"line":38,"column":25},"end":{"line":38,"column":null}},"18":{"start":{"line":40,"column":2},"end":{"line":40,"column":null}},"19":{"start":{"line":40,"column":29},"end":{"line":40,"column":null}},"20":{"start":{"line":41,"column":2},"end":{"line":46,"column":null}},"21":{"start":{"line":43,"column":6},"end":{"line":43,"column":null}},"22":{"start":{"line":44,"column":6},"end":{"line":44,"column":null}},"23":{"start":{"line":44,"column":34},"end":{"line":44,"column":null}},"24":{"start":{"line":55,"column":10},"end":{"line":55,"column":null}},"25":{"start":{"line":56,"column":14},"end":{"line":67,"column":null}},"26":{"start":{"line":59,"column":6},"end":{"line":61,"column":null}},"27":{"start":{"line":60,"column":8},"end":{"line":60,"column":null}},"28":{"start":{"line":62,"column":6},"end":{"line":65,"column":null}},"29":{"start":{"line":62,"column":19},"end":{"line":62,"column":22}},"30":{"start":{"line":63,"column":8},"end":{"line":63,"column":null}},"31":{"start":{"line":63,"column":32},"end":{"line":63,"column":null}},"32":{"start":{"line":64,"column":8},"end":{"line":64,"column":null}},"33":{"start":{"line":66,"column":6},"end":{"line":66,"column":null}},"34":{"start":{"line":68,"column":2},"end":{"line":68,"column":null}},"35":{"start":{"line":68,"column":15},"end":{"line":68,"column":null}}},"fnMap":{"0":{"name":"memoryStorage","decl":{"start":{"line":7,"column":16},"end":{"line":7,"column":41}},"loc":{"start":{"line":7,"column":41},"end":{"line":19,"column":null}},"line":7},"1":{"name":"length","decl":{"start":{"line":10,"column":8},"end":{"line":10,"column":17}},"loc":{"start":{"line":10,"column":17},"end":{"line":12,"column":null}},"line":10},"2":{"name":"(anonymous_2)","decl":{"start":{"line":13,"column":11},"end":{"line":13,"column":17}},"loc":{"start":{"line":13,"column":17},"end":{"line":13,"column":null}},"line":13},"3":{"name":"(anonymous_3)","decl":{"start":{"line":14,"column":13},"end":{"line":14,"column":14}},"loc":{"start":{"line":14,"column":30},"end":{"line":14,"column":null}},"line":14},"4":{"name":"(anonymous_4)","decl":{"start":{"line":15,"column":9},"end":{"line":15,"column":10}},"loc":{"start":{"line":15,"column":24},"end":{"line":15,"column":null}},"line":15},"5":{"name":"(anonymous_5)","decl":{"start":{"line":16,"column":16},"end":{"line":16,"column":17}},"loc":{"start":{"line":16,"column":33},"end":{"line":16,"column":null}},"line":16},"6":{"name":"(anonymous_6)","decl":{"start":{"line":17,"column":13},"end":{"line":17,"column":14}},"loc":{"start":{"line":17,"column":45},"end":{"line":17,"column":null}},"line":17},"7":{"name":"installMatchMediaMock","decl":{"start":{"line":25,"column":16},"end":{"line":25,"column":38}},"loc":{"start":{"line":25,"column":97},"end":{"line":47,"column":null}},"line":25},"8":{"name":"matches","decl":{"start":{"line":29,"column":8},"end":{"line":29,"column":18}},"loc":{"start":{"line":29,"column":18},"end":{"line":31,"column":null}},"line":29},"9":{"name":"(anonymous_9)","decl":{"start":{"line":34,"column":22},"end":{"line":34,"column":23}},"loc":{"start":{"line":34,"column":80},"end":{"line":34,"column":null}},"line":34},"10":{"name":"(anonymous_10)","decl":{"start":{"line":35,"column":25},"end":{"line":35,"column":26}},"loc":{"start":{"line":35,"column":83},"end":{"line":35,"column":null}},"line":35},"11":{"name":"(anonymous_11)","decl":{"start":{"line":36,"column":17},"end":{"line":36,"column":18}},"loc":{"start":{"line":36,"column":60},"end":{"line":36,"column":null}},"line":36},"12":{"name":"(anonymous_12)","decl":{"start":{"line":37,"column":20},"end":{"line":37,"column":21}},"loc":{"start":{"line":37,"column":63},"end":{"line":37,"column":null}},"line":37},"13":{"name":"(anonymous_13)","decl":{"start":{"line":38,"column":19},"end":{"line":38,"column":25}},"loc":{"start":{"line":38,"column":25},"end":{"line":38,"column":null}},"line":38},"14":{"name":"(anonymous_14)","decl":{"start":{"line":40,"column":23},"end":{"line":40,"column":29}},"loc":{"start":{"line":40,"column":29},"end":{"line":40,"column":null}},"line":40},"15":{"name":"setDark","decl":{"start":{"line":42,"column":4},"end":{"line":42,"column":12}},"loc":{"start":{"line":42,"column":27},"end":{"line":45,"column":null}},"line":42},"16":{"name":"stubRandomSequence","decl":{"start":{"line":54,"column":16},"end":{"line":54,"column":35}},"loc":{"start":{"line":54,"column":65},"end":{"line":69,"column":null}},"line":54},"17":{"name":"(anonymous_17)","decl":{"start":{"line":58,"column":24},"end":{"line":58,"column":59}},"loc":{"start":{"line":58,"column":75},"end":{"line":67,"column":5}},"line":58},"18":{"name":"(anonymous_18)","decl":{"start":{"line":68,"column":9},"end":{"line":68,"column":15}},"loc":{"start":{"line":68,"column":15},"end":{"line":68,"column":null}},"line":68}},"branchMap":{"0":{"loc":{"start":{"line":14,"column":30},"end":{"line":14,"column":null}},"type":"binary-expr","locations":[{"start":{"line":14,"column":30},"end":{"line":14,"column":46}},{"start":{"line":14,"column":46},"end":{"line":14,"column":null}}],"line":14},"1":{"loc":{"start":{"line":15,"column":24},"end":{"line":15,"column":null}},"type":"binary-expr","locations":[{"start":{"line":15,"column":24},"end":{"line":15,"column":46}},{"start":{"line":15,"column":46},"end":{"line":15,"column":null}}],"line":15},"2":{"loc":{"start":{"line":25,"column":38},"end":{"line":25,"column":97}},"type":"default-arg","locations":[{"start":{"line":25,"column":52},"end":{"line":25,"column":97}}],"line":25},"3":{"loc":{"start":{"line":59,"column":6},"end":{"line":61,"column":null}},"type":"if","locations":[{"start":{"line":59,"column":6},"end":{"line":61,"column":null}},{"start":{},"end":{}}],"line":59},"4":{"loc":{"start":{"line":63,"column":8},"end":{"line":63,"column":null}},"type":"if","locations":[{"start":{"line":63,"column":8},"end":{"line":63,"column":null}},{"start":{},"end":{}}],"line":63}},"s":{"0":13,"1":11,"2":11,"3":0,"4":0,"5":10,"6":0,"7":1,"8":8,"9":2,"10":2,"11":2,"12":4,"13":2,"14":2,"15":0,"16":0,"17":0,"18":2,"19":2,"20":2,"21":4,"22":4,"23":2,"24":3,"25":3,"26":8,"27":0,"28":8,"29":8,"30":8,"31":0,"32":8,"33":8,"34":3,"35":3},"f":{"0":11,"1":0,"2":0,"3":10,"4":0,"5":1,"6":8,"7":2,"8":4,"9":2,"10":2,"11":0,"12":0,"13":0,"14":2,"15":4,"16":3,"17":8,"18":3},"b":{"0":[10,3],"1":[0,0],"2":[2],"3":[0,8],"4":[0,8]},"meta":{"lastBranch":5,"lastFunction":19,"lastStatement":36,"seen":{"s:4:31:4:Infinity":0,"f:7:16:7:41":0,"s:8:14:8:Infinity":1,"s:9:2:18:Infinity":2,"f:10:8:10:17":1,"s:11:6:11:Infinity":3,"f:13:11:13:17":2,"s:13:17:13:Infinity":4,"f:14:13:14:14":3,"s:14:30:14:Infinity":5,"b:14:30:14:46:14:46:14:Infinity":0,"f:15:9:15:10":4,"s:15:24:15:Infinity":6,"b:15:24:15:46:15:46:15:Infinity":1,"f:16:16:16:17":5,"s:16:33:16:Infinity":7,"f:17:13:17:14":6,"s:17:45:17:Infinity":8,"f:25:16:25:38":7,"b:25:52:25:97":2,"s:26:13:26:Infinity":9,"s:27:20:27:Infinity":10,"s:28:14:39:Infinity":11,"f:29:8:29:18":8,"s:30:6:30:Infinity":12,"f:34:22:34:23":9,"s:34:80:34:Infinity":13,"f:35:25:35:26":10,"s:35:83:35:Infinity":14,"f:36:17:36:18":11,"s:36:60:36:Infinity":15,"f:37:20:37:21":12,"s:37:63:37:Infinity":16,"f:38:19:38:25":13,"s:38:25:38:Infinity":17,"s:40:2:40:Infinity":18,"f:40:23:40:29":14,"s:40:29:40:Infinity":19,"s:41:2:46:Infinity":20,"f:42:4:42:12":15,"s:43:6:43:Infinity":21,"s:44:6:44:Infinity":22,"s:44:34:44:Infinity":23,"f:54:16:54:35":16,"s:55:10:55:Infinity":24,"s:56:14:67:Infinity":25,"f:58:24:58:59":17,"b:59:6:61:Infinity:undefined:undefined:undefined:undefined":3,"s:59:6:61:Infinity":26,"s:60:8:60:Infinity":27,"s:62:6:65:Infinity":28,"s:62:19:62:22":29,"b:63:8:63:Infinity:undefined:undefined:undefined:undefined":4,"s:63:8:63:Infinity":30,"s:63:32:63:Infinity":31,"s:64:8:64:Infinity":32,"s:66:6:66:Infinity":33,"s:68:2:68:Infinity":34,"f:68:9:68:15":18,"s:68:15:68:Infinity":35},"fnNames":{}}}
}
